<?xml version="1.0" encoding="UTF-8"?>
<testng-results ignored="0" total="27" passed="24" failed="3" skipped="0">
  <reporter-output>
  </reporter-output>
  <suite started-at="2025-03-28T22:44:22 IST" name="Suite" finished-at="2025-03-28T22:45:30 IST" duration-ms="68479">
    <groups>
    </groups>
    <test started-at="2025-03-28T22:44:22 IST" name="Test" finished-at="2025-03-28T22:45:30 IST" duration-ms="68479">
      <class name="test.TC_010BookedItinerarytest">
        <test-method is-config="true" signature="reportIniatialization()[pri:0, instance:test.TC_010BookedItinerarytest@36bc55de]" started-at="2025-03-28T22:44:21 IST" name="reportIniatialization" finished-at="2025-03-28T22:44:22 IST" duration-ms="267" status="PASS">
          <reporter-output>
          </reporter-output>
        </test-method> <!-- reportIniatialization -->
        <test-method is-config="true" signature="setup()[pri:0, instance:test.TC_010BookedItinerarytest@36bc55de]" started-at="2025-03-28T22:44:22 IST" name="setup" finished-at="2025-03-28T22:44:22 IST" duration-ms="1" status="PASS">
          <reporter-output>
          </reporter-output>
        </test-method> <!-- setup -->
        <test-method is-config="true" signature="testDetails()[pri:0, instance:test.TC_010BookedItinerarytest@36bc55de]" started-at="2025-03-28T22:44:22 IST" name="testDetails" finished-at="2025-03-28T22:44:22 IST" duration-ms="9" status="PASS">
          <reporter-output>
          </reporter-output>
        </test-method> <!-- testDetails -->
        <test-method is-config="true" signature="LaunchBrowser(java.lang.String,java.lang.String)[pri:0, instance:test.TC_010BookedItinerarytest@36bc55de]" started-at="2025-03-28T22:44:23 IST" name="LaunchBrowser" finished-at="2025-03-28T22:44:28 IST" duration-ms="5628" status="PASS">
          <params>
            <param index="0">
              <value>
                <![CDATA[https://adactinhotelapp.com/index.php]]>
              </value>
            </param>
            <param index="1">
              <value>
                <![CDATA[Chrome]]>
              </value>
            </param>
          </params>
          <reporter-output>
          </reporter-output>
        </test-method> <!-- LaunchBrowser -->
        <test-method signature="BookedItineraryTest(java.lang.String,java.lang.String)[pri:0, instance:test.TC_010BookedItinerarytest@36bc55de]" started-at="2025-03-28T22:44:28 IST" name="BookedItineraryTest" data-provider="readData" finished-at="2025-03-28T22:45:30 IST" duration-ms="61291" status="FAIL">
          <params>
            <param index="0">
              <value>
                <![CDATA[Sharmila245]]>
              </value>
            </param>
            <param index="1">
              <value>
                <![CDATA[sharmila24]]>
              </value>
            </param>
          </params>
          <exception class="org.openqa.selenium.NoSuchElementException">
            <message>
              <![CDATA[no such element: Unable to locate element: {"method":"xpath","selector":"(//input[@name='ids[]'])[2]"}
  (Session info: chrome=134.0.6998.166)
For documentation on this error, please visit: https://www.selenium.dev/documentation/webdriver/troubleshooting/errors#no-such-element-exception
Build info: version: '4.28.0', revision: 'ac342546e9'
System info: os.name: 'Windows 10', os.arch: 'amd64', os.version: '10.0', java.version: '21.0.6'
Driver info: org.openqa.selenium.chrome.ChromeDriver
Command: [bd4c6315d2f9b9d76774b749cffd2253, findElement {value=(//input[@name='ids[]'])[2], using=xpath}]
Capabilities {acceptInsecureCerts: false, browserName: chrome, browserVersion: 134.0.6998.166, chrome: {chromedriverVersion: 134.0.6998.165 (fd886e2cb29..., userDataDir: C:\Users\USER\AppData\Local...}, fedcm:accounts: true, goog:chromeOptions: {debuggerAddress: localhost:55295}, networkConnectionEnabled: false, pageLoadStrategy: normal, platformName: windows, proxy: Proxy(), se:cdp: ws://localhost:55295/devtoo..., se:cdpVersion: 134.0.6998.166, setWindowRect: true, strictFileInteractability: false, timeouts: {implicit: 0, pageLoad: 300000, script: 30000}, unhandledPromptBehavior: dismiss and notify, webauthn:extension:credBlob: true, webauthn:extension:largeBlob: true, webauthn:extension:minPinLength: true, webauthn:extension:prf: true, webauthn:virtualAuthenticators: true}
Session ID: bd4c6315d2f9b9d76774b749cffd2253]]>
            </message>
            <full-stacktrace>
              <![CDATA[org.openqa.selenium.NoSuchElementException: no such element: Unable to locate element: {"method":"xpath","selector":"(//input[@name='ids[]'])[2]"}
  (Session info: chrome=134.0.6998.166)
For documentation on this error, please visit: https://www.selenium.dev/documentation/webdriver/troubleshooting/errors#no-such-element-exception
Build info: version: '4.28.0', revision: 'ac342546e9'
System info: os.name: 'Windows 10', os.arch: 'amd64', os.version: '10.0', java.version: '21.0.6'
Driver info: org.openqa.selenium.chrome.ChromeDriver
Command: [bd4c6315d2f9b9d76774b749cffd2253, findElement {value=(//input[@name='ids[]'])[2], using=xpath}]
Capabilities {acceptInsecureCerts: false, browserName: chrome, browserVersion: 134.0.6998.166, chrome: {chromedriverVersion: 134.0.6998.165 (fd886e2cb29..., userDataDir: C:\Users\USER\AppData\Local...}, fedcm:accounts: true, goog:chromeOptions: {debuggerAddress: localhost:55295}, networkConnectionEnabled: false, pageLoadStrategy: normal, platformName: windows, proxy: Proxy(), se:cdp: ws://localhost:55295/devtoo..., se:cdpVersion: 134.0.6998.166, setWindowRect: true, strictFileInteractability: false, timeouts: {implicit: 0, pageLoad: 300000, script: 30000}, unhandledPromptBehavior: dismiss and notify, webauthn:extension:credBlob: true, webauthn:extension:largeBlob: true, webauthn:extension:minPinLength: true, webauthn:extension:prf: true, webauthn:virtualAuthenticators: true}
Session ID: bd4c6315d2f9b9d76774b749cffd2253
at java.base/jdk.internal.reflect.DirectConstructorHandleAccessor.newInstance(DirectConstructorHandleAccessor.java:62)
at java.base/java.lang.reflect.Constructor.newInstanceWithCaller(Constructor.java:502)
at java.base/java.lang.reflect.Constructor.newInstance(Constructor.java:486)
at org.openqa.selenium.remote.ErrorCodec.decode(ErrorCodec.java:167)
at org.openqa.selenium.remote.codec.w3c.W3CHttpResponseCodec.decode(W3CHttpResponseCodec.java:138)
at org.openqa.selenium.remote.codec.w3c.W3CHttpResponseCodec.decode(W3CHttpResponseCodec.java:50)
at org.openqa.selenium.remote.HttpCommandExecutor.execute(HttpCommandExecutor.java:215)
at org.openqa.selenium.remote.service.DriverCommandExecutor.invokeExecute(DriverCommandExecutor.java:216)
at org.openqa.selenium.remote.service.DriverCommandExecutor.execute(DriverCommandExecutor.java:174)
at org.openqa.selenium.remote.RemoteWebDriver.execute(RemoteWebDriver.java:545)
at org.openqa.selenium.remote.ElementLocation$ElementFinder$2.findElement(ElementLocation.java:165)
at org.openqa.selenium.remote.ElementLocation.findElement(ElementLocation.java:59)
at org.openqa.selenium.remote.RemoteWebDriver.findElement(RemoteWebDriver.java:368)
at org.openqa.selenium.remote.RemoteWebDriver.findElement(RemoteWebDriver.java:362)
at org.openqa.selenium.support.pagefactory.DefaultElementLocator.findElement(DefaultElementLocator.java:68)
at org.openqa.selenium.support.pagefactory.internal.LocatingElementHandler.invoke(LocatingElementHandler.java:38)
at jdk.proxy2/jdk.proxy2.$Proxy17.click(Unknown Source)
at page.BookedItineraryPage.ClickSecOrderID(BookedItineraryPage.java:91)
at test.TC_010BookedItinerarytest.BookedItineraryTest(TC_010BookedItinerarytest.java:38)
at java.base/jdk.internal.reflect.DirectMethodHandleAccessor.invoke(DirectMethodHandleAccessor.java:103)
at java.base/java.lang.reflect.Method.invoke(Method.java:580)
at org.testng.internal.invokers.MethodInvocationHelper.invokeMethod(MethodInvocationHelper.java:139)
at org.testng.internal.invokers.TestInvoker.invokeMethod(TestInvoker.java:664)
at org.testng.internal.invokers.TestInvoker.invokeTestMethod(TestInvoker.java:228)
at org.testng.internal.invokers.MethodRunner.runInSequence(MethodRunner.java:63)
at org.testng.internal.invokers.TestInvoker$MethodInvocationAgent.invoke(TestInvoker.java:961)
at org.testng.internal.invokers.TestInvoker.invokeTestMethods(TestInvoker.java:201)
at org.testng.internal.invokers.TestMethodWorker.invokeTestMethods(TestMethodWorker.java:148)
at org.testng.internal.invokers.TestMethodWorker.run(TestMethodWorker.java:128)
at java.base/java.util.ArrayList.forEach(ArrayList.java:1596)
at org.testng.TestRunner.privateRun(TestRunner.java:819)
at org.testng.TestRunner.run(TestRunner.java:619)
at org.testng.SuiteRunner.runTest(SuiteRunner.java:443)
at org.testng.SuiteRunner.runSequentially(SuiteRunner.java:437)
at org.testng.SuiteRunner.privateRun(SuiteRunner.java:397)
at org.testng.SuiteRunner.run(SuiteRunner.java:336)
at org.testng.SuiteRunnerWorker.runSuite(SuiteRunnerWorker.java:52)
at org.testng.SuiteRunnerWorker.run(SuiteRunnerWorker.java:95)
at org.testng.TestNG.runSuitesSequentially(TestNG.java:1301)
at org.testng.TestNG.runSuitesLocally(TestNG.java:1228)
at org.testng.TestNG.runSuites(TestNG.java:1134)
at org.testng.TestNG.run(TestNG.java:1101)
at org.apache.maven.surefire.testng.TestNGExecutor.run(TestNGExecutor.java:308)
at org.apache.maven.surefire.testng.TestNGXmlTestSuite.execute(TestNGXmlTestSuite.java:71)
at org.apache.maven.surefire.testng.TestNGProvider.invoke(TestNGProvider.java:113)
at org.apache.maven.surefire.booter.ForkedBooter.runSuitesInProcess(ForkedBooter.java:385)
at org.apache.maven.surefire.booter.ForkedBooter.execute(ForkedBooter.java:162)
at org.apache.maven.surefire.booter.ForkedBooter.run(ForkedBooter.java:507)
at org.apache.maven.surefire.booter.ForkedBooter.main(ForkedBooter.java:495)
]]>
            </full-stacktrace>
          </exception> <!-- org.openqa.selenium.NoSuchElementException -->
          <reporter-output>
          </reporter-output>
        </test-method> <!-- BookedItineraryTest -->
        <test-method is-config="true" signature="closingBrowser()[pri:0, instance:test.TC_010BookedItinerarytest@36bc55de]" started-at="2025-03-28T22:45:30 IST" name="closingBrowser" finished-at="2025-03-28T22:45:30 IST" duration-ms="97" status="PASS">
          <reporter-output>
          </reporter-output>
        </test-method> <!-- closingBrowser -->
        <test-method is-config="true" signature="closeReport()[pri:0, instance:test.TC_010BookedItinerarytest@36bc55de]" started-at="2025-03-28T22:45:30 IST" name="closeReport" finished-at="2025-03-28T22:45:31 IST" duration-ms="394" status="PASS">
          <reporter-output>
          </reporter-output>
        </test-method> <!-- closeReport -->
      </class> <!-- test.TC_010BookedItinerarytest -->
    </test> <!-- Test -->
  </suite> <!-- Suite -->
  <suite started-at="2025-03-28T22:47:06 IST" name="Suite (1)" finished-at="2025-03-28T22:47:16 IST" duration-ms="9775">
    <groups>
    </groups>
    <test started-at="2025-03-28T22:47:06 IST" name="Test" finished-at="2025-03-28T22:47:16 IST" duration-ms="9775">
      <class name="test.TC_008ChangePasswordTest">
        <test-method is-config="true" signature="reportIniatialization()[pri:0, instance:test.TC_008ChangePasswordTest@4562e04d]" started-at="2025-03-28T22:47:06 IST" name="reportIniatialization" finished-at="2025-03-28T22:47:06 IST" duration-ms="1" status="PASS">
          <reporter-output>
          </reporter-output>
        </test-method> <!-- reportIniatialization -->
        <test-method is-config="true" signature="setup()[pri:0, instance:test.TC_008ChangePasswordTest@4562e04d]" started-at="2025-03-28T22:47:06 IST" name="setup" finished-at="2025-03-28T22:47:06 IST" duration-ms="0" status="PASS">
          <reporter-output>
          </reporter-output>
        </test-method> <!-- setup -->
        <test-method is-config="true" signature="testDetails()[pri:0, instance:test.TC_008ChangePasswordTest@4562e04d]" started-at="2025-03-28T22:47:06 IST" name="testDetails" finished-at="2025-03-28T22:47:06 IST" duration-ms="1" status="PASS">
          <reporter-output>
          </reporter-output>
        </test-method> <!-- testDetails -->
        <test-method is-config="true" signature="LaunchBrowser(java.lang.String,java.lang.String)[pri:0, instance:test.TC_008ChangePasswordTest@4562e04d]" started-at="2025-03-28T22:47:06 IST" name="LaunchBrowser" finished-at="2025-03-28T22:47:11 IST" duration-ms="4520" status="PASS">
          <params>
            <param index="0">
              <value>
                <![CDATA[https://adactinhotelapp.com/index.php]]>
              </value>
            </param>
            <param index="1">
              <value>
                <![CDATA[chrome]]>
              </value>
            </param>
          </params>
          <reporter-output>
          </reporter-output>
        </test-method> <!-- LaunchBrowser -->
        <test-method signature="ChangePassword(java.lang.String,java.lang.String,java.lang.String,java.lang.String,java.lang.String)[pri:0, instance:test.TC_008ChangePasswordTest@4562e04d]" started-at="2025-03-28T22:47:11 IST" name="ChangePassword" data-provider="readData" finished-at="2025-03-28T22:47:15 IST" duration-ms="4667" status="PASS">
          <params>
            <param index="0">
              <value>
                <![CDATA[Sharmila245]]>
              </value>
            </param>
            <param index="1">
              <value>
                <![CDATA[sharmila24]]>
              </value>
            </param>
            <param index="2">
              <value>
                <![CDATA[sharmila24]]>
              </value>
            </param>
            <param index="3">
              <value>
                <![CDATA[sharmila24]]>
              </value>
            </param>
            <param index="4">
              <value>
                <![CDATA[sharmila24]]>
              </value>
            </param>
          </params>
          <reporter-output>
          </reporter-output>
        </test-method> <!-- ChangePassword -->
        <test-method is-config="true" signature="closingBrowser()[pri:0, instance:test.TC_008ChangePasswordTest@4562e04d]" started-at="2025-03-28T22:47:16 IST" name="closingBrowser" finished-at="2025-03-28T22:47:16 IST" duration-ms="106" status="PASS">
          <reporter-output>
          </reporter-output>
        </test-method> <!-- closingBrowser -->
        <test-method is-config="true" signature="closeReport()[pri:0, instance:test.TC_008ChangePasswordTest@4562e04d]" started-at="2025-03-28T22:47:16 IST" name="closeReport" finished-at="2025-03-28T22:47:16 IST" duration-ms="92" status="PASS">
          <reporter-output>
          </reporter-output>
        </test-method> <!-- closeReport -->
      </class> <!-- test.TC_008ChangePasswordTest -->
    </test> <!-- Test -->
  </suite> <!-- Suite (1) -->
  <suite started-at="2025-03-28T22:45:31 IST" name="Suite (0)" finished-at="2025-03-28T22:47:06 IST" duration-ms="95350">
    <groups>
    </groups>
    <test started-at="2025-03-28T22:45:31 IST" name="Test" finished-at="2025-03-28T22:47:06 IST" duration-ms="95350">
      <class name="test.TC_006SelectHotelstest">
        <test-method is-config="true" signature="reportIniatialization()[pri:0, instance:test.TC_006SelectHotelstest@4c371370]" started-at="2025-03-28T22:45:31 IST" name="reportIniatialization" finished-at="2025-03-28T22:45:31 IST" duration-ms="1" status="PASS">
          <reporter-output>
          </reporter-output>
        </test-method> <!-- reportIniatialization -->
        <test-method is-config="true" signature="setup()[pri:0, instance:test.TC_006SelectHotelstest@4c371370]" started-at="2025-03-28T22:45:31 IST" name="setup" finished-at="2025-03-28T22:45:31 IST" duration-ms="0" status="PASS">
          <reporter-output>
          </reporter-output>
        </test-method> <!-- setup -->
        <test-method is-config="true" signature="testDetails()[pri:0, instance:test.TC_006SelectHotelstest@4c371370]" started-at="2025-03-28T22:45:31 IST" name="testDetails" finished-at="2025-03-28T22:45:31 IST" duration-ms="0" status="PASS">
          <reporter-output>
          </reporter-output>
        </test-method> <!-- testDetails -->
        <test-method is-config="true" signature="LaunchBrowser(java.lang.String,java.lang.String)[pri:0, instance:test.TC_006SelectHotelstest@4c371370]" started-at="2025-03-28T22:45:31 IST" name="LaunchBrowser" finished-at="2025-03-28T22:45:36 IST" duration-ms="4802" status="PASS">
          <params>
            <param index="0">
              <value>
                <![CDATA[https://adactinhotelapp.com/index.php]]>
              </value>
            </param>
            <param index="1">
              <value>
                <![CDATA[Chrome]]>
              </value>
            </param>
          </params>
          <reporter-output>
          </reporter-output>
        </test-method> <!-- LaunchBrowser -->
        <test-method signature="BookingHotelsTest(java.lang.String,java.lang.String,java.lang.String,java.lang.String,java.lang.String,java.lang.String,java.lang.String,java.lang.String,java.lang.String,java.lang.String)[pri:0, instance:test.TC_006SelectHotelstest@4c371370]" started-at="2025-03-28T22:45:36 IST" name="BookingHotelsTest" data-provider="readData" finished-at="2025-03-28T22:45:54 IST" duration-ms="18156" status="PASS">
          <params>
            <param index="0">
              <value>
                <![CDATA[Sharmila245]]>
              </value>
            </param>
            <param index="1">
              <value>
                <![CDATA[sharmila24]]>
              </value>
            </param>
            <param index="2">
              <value>
                <![CDATA[25-05-2025]]>
              </value>
            </param>
            <param index="3">
              <value>
                <![CDATA[26-05-2025]]>
              </value>
            </param>
            <param index="4">
              <value>
                <![CDATA[Sharmila]]>
              </value>
            </param>
            <param index="5">
              <value>
                <![CDATA[Devasudha]]>
              </value>
            </param>
            <param index="6">
              <value>
                <![CDATA[Thorapadii,Vellore]]>
              </value>
            </param>
            <param index="7">
              <value>
                <![CDATA[1234567891234560]]>
              </value>
            </param>
            <param index="8">
              <value>
                <![CDATA[2345]]>
              </value>
            </param>
            <param index="9">
              <value>
                <![CDATA[FirstBooking]]>
              </value>
            </param>
          </params>
          <reporter-output>
          </reporter-output>
        </test-method> <!-- BookingHotelsTest -->
        <test-method is-config="true" signature="closingBrowser()[pri:0, instance:test.TC_006SelectHotelstest@4c371370]" started-at="2025-03-28T22:45:54 IST" name="closingBrowser" finished-at="2025-03-28T22:45:54 IST" duration-ms="119" status="PASS">
          <reporter-output>
          </reporter-output>
        </test-method> <!-- closingBrowser -->
        <test-method is-config="true" signature="LaunchBrowser(java.lang.String,java.lang.String)[pri:0, instance:test.TC_006SelectHotelstest@4c371370]" started-at="2025-03-28T22:45:54 IST" name="LaunchBrowser" finished-at="2025-03-28T22:46:00 IST" duration-ms="6458" status="PASS">
          <params>
            <param index="0">
              <value>
                <![CDATA[https://adactinhotelapp.com/index.php]]>
              </value>
            </param>
            <param index="1">
              <value>
                <![CDATA[Chrome]]>
              </value>
            </param>
          </params>
          <reporter-output>
          </reporter-output>
        </test-method> <!-- LaunchBrowser -->
        <test-method signature="BookingHotelsTest(java.lang.String,java.lang.String,java.lang.String,java.lang.String,java.lang.String,java.lang.String,java.lang.String,java.lang.String,java.lang.String,java.lang.String)[pri:0, instance:test.TC_006SelectHotelstest@4c371370]" started-at="2025-03-28T22:46:00 IST" name="BookingHotelsTest" data-provider="readData" finished-at="2025-03-28T22:46:19 IST" duration-ms="18719" status="PASS">
          <params>
            <param index="0">
              <value>
                <![CDATA[Sharmila245]]>
              </value>
            </param>
            <param index="1">
              <value>
                <![CDATA[sharmila24]]>
              </value>
            </param>
            <param index="2">
              <value>
                <![CDATA[26-05-2025]]>
              </value>
            </param>
            <param index="3">
              <value>
                <![CDATA[27-05-2025]]>
              </value>
            </param>
            <param index="4">
              <value>
                <![CDATA[Mithra]]>
              </value>
            </param>
            <param index="5">
              <value>
                <![CDATA[Mani]]>
              </value>
            </param>
            <param index="6">
              <value>
                <![CDATA[Chennai]]>
              </value>
            </param>
            <param index="7">
              <value>
                <![CDATA[1234567891234560]]>
              </value>
            </param>
            <param index="8">
              <value>
                <![CDATA[2345]]>
              </value>
            </param>
            <param index="9">
              <value>
                <![CDATA[SeconBooking]]>
              </value>
            </param>
          </params>
          <reporter-output>
          </reporter-output>
        </test-method> <!-- BookingHotelsTest -->
        <test-method is-config="true" signature="closingBrowser()[pri:0, instance:test.TC_006SelectHotelstest@4c371370]" started-at="2025-03-28T22:46:19 IST" name="closingBrowser" finished-at="2025-03-28T22:46:19 IST" duration-ms="94" status="PASS">
          <reporter-output>
          </reporter-output>
        </test-method> <!-- closingBrowser -->
        <test-method is-config="true" signature="LaunchBrowser(java.lang.String,java.lang.String)[pri:0, instance:test.TC_006SelectHotelstest@4c371370]" started-at="2025-03-28T22:46:19 IST" name="LaunchBrowser" finished-at="2025-03-28T22:46:24 IST" duration-ms="5065" status="PASS">
          <params>
            <param index="0">
              <value>
                <![CDATA[https://adactinhotelapp.com/index.php]]>
              </value>
            </param>
            <param index="1">
              <value>
                <![CDATA[Chrome]]>
              </value>
            </param>
          </params>
          <reporter-output>
          </reporter-output>
        </test-method> <!-- LaunchBrowser -->
        <test-method signature="BookingHotelsTest(java.lang.String,java.lang.String,java.lang.String,java.lang.String,java.lang.String,java.lang.String,java.lang.String,java.lang.String,java.lang.String,java.lang.String)[pri:0, instance:test.TC_006SelectHotelstest@4c371370]" started-at="2025-03-28T22:46:24 IST" name="BookingHotelsTest" data-provider="readData" finished-at="2025-03-28T22:46:42 IST" duration-ms="17629" status="PASS">
          <params>
            <param index="0">
              <value>
                <![CDATA[Sharmila245]]>
              </value>
            </param>
            <param index="1">
              <value>
                <![CDATA[sharmila24]]>
              </value>
            </param>
            <param index="2">
              <value>
                <![CDATA[30-05-2025]]>
              </value>
            </param>
            <param index="3">
              <value>
                <![CDATA[04-06-2025]]>
              </value>
            </param>
            <param index="4">
              <value>
                <![CDATA[John]]>
              </value>
            </param>
            <param index="5">
              <value>
                <![CDATA[Michael]]>
              </value>
            </param>
            <param index="6">
              <value>
                <![CDATA[Erode]]>
              </value>
            </param>
            <param index="7">
              <value>
                <![CDATA[1234567891234560]]>
              </value>
            </param>
            <param index="8">
              <value>
                <![CDATA[2345]]>
              </value>
            </param>
            <param index="9">
              <value>
                <![CDATA[ThirdBooking]]>
              </value>
            </param>
          </params>
          <reporter-output>
          </reporter-output>
        </test-method> <!-- BookingHotelsTest -->
        <test-method is-config="true" signature="closingBrowser()[pri:0, instance:test.TC_006SelectHotelstest@4c371370]" started-at="2025-03-28T22:46:42 IST" name="closingBrowser" finished-at="2025-03-28T22:46:42 IST" duration-ms="112" status="PASS">
          <reporter-output>
          </reporter-output>
        </test-method> <!-- closingBrowser -->
        <test-method is-config="true" signature="LaunchBrowser(java.lang.String,java.lang.String)[pri:0, instance:test.TC_006SelectHotelstest@4c371370]" started-at="2025-03-28T22:46:42 IST" name="LaunchBrowser" finished-at="2025-03-28T22:46:48 IST" duration-ms="6127" status="PASS">
          <params>
            <param index="0">
              <value>
                <![CDATA[https://adactinhotelapp.com/index.php]]>
              </value>
            </param>
            <param index="1">
              <value>
                <![CDATA[Chrome]]>
              </value>
            </param>
          </params>
          <reporter-output>
          </reporter-output>
        </test-method> <!-- LaunchBrowser -->
        <test-method signature="BookingHotelsTest(java.lang.String,java.lang.String,java.lang.String,java.lang.String,java.lang.String,java.lang.String,java.lang.String,java.lang.String,java.lang.String,java.lang.String)[pri:0, instance:test.TC_006SelectHotelstest@4c371370]" started-at="2025-03-28T22:46:48 IST" name="BookingHotelsTest" data-provider="readData" finished-at="2025-03-28T22:47:06 IST" duration-ms="17150" status="PASS">
          <params>
            <param index="0">
              <value>
                <![CDATA[Sharmila245]]>
              </value>
            </param>
            <param index="1">
              <value>
                <![CDATA[sharmila24]]>
              </value>
            </param>
            <param index="2">
              <value>
                <![CDATA[26-05-2025]]>
              </value>
            </param>
            <param index="3">
              <value>
                <![CDATA[27-05-2025]]>
              </value>
            </param>
            <param index="4">
              <value>
                <![CDATA[Mithra]]>
              </value>
            </param>
            <param index="5">
              <value>
                <![CDATA[Mani]]>
              </value>
            </param>
            <param index="6">
              <value>
                <![CDATA[Belgum]]>
              </value>
            </param>
            <param index="7">
              <value>
                <![CDATA[1234567891234560]]>
              </value>
            </param>
            <param index="8">
              <value>
                <![CDATA[2345]]>
              </value>
            </param>
            <param index="9">
              <value>
                <![CDATA[FourthBooking]]>
              </value>
            </param>
          </params>
          <reporter-output>
          </reporter-output>
        </test-method> <!-- BookingHotelsTest -->
        <test-method is-config="true" signature="closingBrowser()[pri:0, instance:test.TC_006SelectHotelstest@4c371370]" started-at="2025-03-28T22:47:06 IST" name="closingBrowser" finished-at="2025-03-28T22:47:06 IST" duration-ms="110" status="PASS">
          <reporter-output>
          </reporter-output>
        </test-method> <!-- closingBrowser -->
        <test-method is-config="true" signature="closeReport()[pri:0, instance:test.TC_006SelectHotelstest@4c371370]" started-at="2025-03-28T22:47:06 IST" name="closeReport" finished-at="2025-03-28T22:47:06 IST" duration-ms="118" status="PASS">
          <reporter-output>
          </reporter-output>
        </test-method> <!-- closeReport -->
      </class> <!-- test.TC_006SelectHotelstest -->
    </test> <!-- Test -->
  </suite> <!-- Suite (0) -->
  <suite started-at="2025-03-28T22:56:49 IST" name="Suite (9)" finished-at="2025-03-28T22:56:58 IST" duration-ms="9177">
    <groups>
    </groups>
    <test started-at="2025-03-28T22:56:49 IST" name="Test" finished-at="2025-03-28T22:56:58 IST" duration-ms="9177">
      <class name="test.TC_003ValidateValidLoginData">
        <test-method is-config="true" signature="setup()[pri:0, instance:test.TC_003ValidateValidLoginData@65fb9ffc]" started-at="2025-03-28T22:56:49 IST" name="setup" finished-at="2025-03-28T22:56:49 IST" duration-ms="0" status="PASS">
          <reporter-output>
          </reporter-output>
        </test-method> <!-- setup -->
        <test-method is-config="true" signature="reportIniatialization()[pri:0, instance:test.TC_003ValidateValidLoginData@65fb9ffc]" started-at="2025-03-28T22:56:49 IST" name="reportIniatialization" finished-at="2025-03-28T22:56:49 IST" duration-ms="0" status="PASS">
          <reporter-output>
          </reporter-output>
        </test-method> <!-- reportIniatialization -->
        <test-method is-config="true" signature="testDetails()[pri:0, instance:test.TC_003ValidateValidLoginData@65fb9ffc]" started-at="2025-03-28T22:56:49 IST" name="testDetails" finished-at="2025-03-28T22:56:49 IST" duration-ms="0" status="PASS">
          <reporter-output>
          </reporter-output>
        </test-method> <!-- testDetails -->
        <test-method is-config="true" signature="LaunchBrowser(java.lang.String,java.lang.String)[pri:0, instance:test.TC_003ValidateValidLoginData@65fb9ffc]" started-at="2025-03-28T22:56:49 IST" name="LaunchBrowser" finished-at="2025-03-28T22:56:56 IST" duration-ms="7371" status="PASS">
          <params>
            <param index="0">
              <value>
                <![CDATA[https://adactinhotelapp.com/index.php]]>
              </value>
            </param>
            <param index="1">
              <value>
                <![CDATA[Chrome]]>
              </value>
            </param>
          </params>
          <reporter-output>
          </reporter-output>
        </test-method> <!-- LaunchBrowser -->
        <test-method signature="ValidateLogin(java.lang.String,java.lang.String)[pri:0, instance:test.TC_003ValidateValidLoginData@65fb9ffc]" started-at="2025-03-28T22:56:56 IST" name="ValidateLogin" data-provider="readData" finished-at="2025-03-28T22:56:57 IST" duration-ms="1430" status="PASS">
          <params>
            <param index="0">
              <value>
                <![CDATA[Sharmila245]]>
              </value>
            </param>
            <param index="1">
              <value>
                <![CDATA[sharmila24]]>
              </value>
            </param>
          </params>
          <reporter-output>
          </reporter-output>
        </test-method> <!-- ValidateLogin -->
        <test-method is-config="true" signature="closingBrowser()[pri:0, instance:test.TC_003ValidateValidLoginData@65fb9ffc]" started-at="2025-03-28T22:56:58 IST" name="closingBrowser" finished-at="2025-03-28T22:56:58 IST" duration-ms="122" status="PASS">
          <reporter-output>
          </reporter-output>
        </test-method> <!-- closingBrowser -->
        <test-method is-config="true" signature="closeReport()[pri:0, instance:test.TC_003ValidateValidLoginData@65fb9ffc]" started-at="2025-03-28T22:56:58 IST" name="closeReport" finished-at="2025-03-28T22:56:58 IST" duration-ms="64" status="PASS">
          <reporter-output>
          </reporter-output>
        </test-method> <!-- closeReport -->
      </class> <!-- test.TC_003ValidateValidLoginData -->
    </test> <!-- Test -->
  </suite> <!-- Suite (9) -->
  <suite started-at="2025-03-28T22:56:40 IST" name="Suite (8)" finished-at="2025-03-28T22:56:48 IST" duration-ms="8058">
    <groups>
    </groups>
    <test started-at="2025-03-28T22:56:40 IST" name="Test" finished-at="2025-03-28T22:56:48 IST" duration-ms="8058">
      <class name="test.TC_007ValidateSearchHotel">
        <test-method is-config="true" signature="reportIniatialization()[pri:0, instance:test.TC_007ValidateSearchHotel@71d44a3]" started-at="2025-03-28T22:56:40 IST" name="reportIniatialization" finished-at="2025-03-28T22:56:40 IST" duration-ms="0" status="PASS">
          <reporter-output>
          </reporter-output>
        </test-method> <!-- reportIniatialization -->
        <test-method is-config="true" signature="setup()[pri:0, instance:test.TC_007ValidateSearchHotel@71d44a3]" started-at="2025-03-28T22:56:40 IST" name="setup" finished-at="2025-03-28T22:56:40 IST" duration-ms="1" status="PASS">
          <reporter-output>
          </reporter-output>
        </test-method> <!-- setup -->
        <test-method is-config="true" signature="testDetails()[pri:0, instance:test.TC_007ValidateSearchHotel@71d44a3]" started-at="2025-03-28T22:56:40 IST" name="testDetails" finished-at="2025-03-28T22:56:40 IST" duration-ms="1" status="PASS">
          <reporter-output>
          </reporter-output>
        </test-method> <!-- testDetails -->
        <test-method is-config="true" signature="LaunchBrowser(java.lang.String,java.lang.String)[pri:0, instance:test.TC_007ValidateSearchHotel@71d44a3]" started-at="2025-03-28T22:56:41 IST" name="LaunchBrowser" finished-at="2025-03-28T22:56:46 IST" duration-ms="5541" status="PASS">
          <params>
            <param index="0">
              <value>
                <![CDATA[https://adactinhotelapp.com/index.php]]>
              </value>
            </param>
            <param index="1">
              <value>
                <![CDATA[Chrome]]>
              </value>
            </param>
          </params>
          <reporter-output>
          </reporter-output>
        </test-method> <!-- LaunchBrowser -->
        <test-method signature="SearchHotelsTest(java.lang.String,java.lang.String,java.lang.String,java.lang.String)[pri:0, instance:test.TC_007ValidateSearchHotel@71d44a3]" started-at="2025-03-28T22:56:46 IST" name="SearchHotelsTest" data-provider="readData" finished-at="2025-03-28T22:56:48 IST" duration-ms="2211" status="PASS">
          <params>
            <param index="0">
              <value>
                <![CDATA[Sharmila245]]>
              </value>
            </param>
            <param index="1">
              <value>
                <![CDATA[sharmila24]]>
              </value>
            </param>
            <param index="2">
              <value>
                <![CDATA[21-05-2025]]>
              </value>
            </param>
            <param index="3">
              <value>
                <![CDATA[22-05-2025]]>
              </value>
            </param>
          </params>
          <reporter-output>
          </reporter-output>
        </test-method> <!-- SearchHotelsTest -->
        <test-method is-config="true" signature="closingBrowser()[pri:0, instance:test.TC_007ValidateSearchHotel@71d44a3]" started-at="2025-03-28T22:56:48 IST" name="closingBrowser" finished-at="2025-03-28T22:56:48 IST" duration-ms="84" status="PASS">
          <reporter-output>
          </reporter-output>
        </test-method> <!-- closingBrowser -->
        <test-method is-config="true" signature="closeReport()[pri:0, instance:test.TC_007ValidateSearchHotel@71d44a3]" started-at="2025-03-28T22:56:48 IST" name="closeReport" finished-at="2025-03-28T22:56:49 IST" duration-ms="59" status="PASS">
          <reporter-output>
          </reporter-output>
        </test-method> <!-- closeReport -->
      </class> <!-- test.TC_007ValidateSearchHotel -->
    </test> <!-- Test -->
  </suite> <!-- Suite (8) -->
  <suite started-at="2025-03-28T22:54:32 IST" name="Suite (7)" finished-at="2025-03-28T22:56:40 IST" duration-ms="128461">
    <groups>
    </groups>
    <test started-at="2025-03-28T22:54:32 IST" name="Test" finished-at="2025-03-28T22:56:40 IST" duration-ms="128461">
      <class name="test.TC_009ValidateBookAHotel">
        <test-method is-config="true" signature="reportIniatialization()[pri:0, instance:test.TC_009ValidateBookAHotel@76505305]" started-at="2025-03-28T22:54:32 IST" name="reportIniatialization" finished-at="2025-03-28T22:54:32 IST" duration-ms="1" status="PASS">
          <reporter-output>
          </reporter-output>
        </test-method> <!-- reportIniatialization -->
        <test-method is-config="true" signature="setup()[pri:0, instance:test.TC_009ValidateBookAHotel@76505305]" started-at="2025-03-28T22:54:32 IST" name="setup" finished-at="2025-03-28T22:54:32 IST" duration-ms="1" status="PASS">
          <reporter-output>
          </reporter-output>
        </test-method> <!-- setup -->
        <test-method is-config="true" signature="testDetails()[pri:0, instance:test.TC_009ValidateBookAHotel@76505305]" started-at="2025-03-28T22:54:32 IST" name="testDetails" finished-at="2025-03-28T22:54:32 IST" duration-ms="0" status="PASS">
          <reporter-output>
          </reporter-output>
        </test-method> <!-- testDetails -->
        <test-method is-config="true" signature="LaunchBrowser(java.lang.String,java.lang.String)[pri:0, instance:test.TC_009ValidateBookAHotel@76505305]" started-at="2025-03-28T22:54:32 IST" name="LaunchBrowser" finished-at="2025-03-28T22:54:36 IST" duration-ms="4276" status="PASS">
          <params>
            <param index="0">
              <value>
                <![CDATA[https://adactinhotelapp.com/index.php]]>
              </value>
            </param>
            <param index="1">
              <value>
                <![CDATA[Chrome]]>
              </value>
            </param>
          </params>
          <reporter-output>
          </reporter-output>
        </test-method> <!-- LaunchBrowser -->
        <test-method signature="BookingHotelsTest(java.lang.String,java.lang.String,java.lang.String,java.lang.String,java.lang.String,java.lang.String,java.lang.String,java.lang.String,java.lang.String,java.lang.String,java.lang.String)[pri:0, instance:test.TC_009ValidateBookAHotel@76505305]" started-at="2025-03-28T22:54:36 IST" name="BookingHotelsTest" data-provider="readData" finished-at="2025-03-28T22:54:49 IST" duration-ms="12912" status="PASS">
          <params>
            <param index="0">
              <value>
                <![CDATA[Sharmila245]]>
              </value>
            </param>
            <param index="1">
              <value>
                <![CDATA[sharmila24]]>
              </value>
            </param>
            <param index="2">
              <value>
                <![CDATA[25-05-2025]]>
              </value>
            </param>
            <param index="3">
              <value>
                <![CDATA[26-05-2025]]>
              </value>
            </param>
            <param index="4">
              <value>
                <![CDATA[]]>
              </value>
            </param>
            <param index="5">
              <value>
                <![CDATA[Devasudha]]>
              </value>
            </param>
            <param index="6">
              <value>
                <![CDATA[Thorapadii,Vellore]]>
              </value>
            </param>
            <param index="7">
              <value>
                <![CDATA[1234567891234560]]>
              </value>
            </param>
            <param index="8">
              <value>
                <![CDATA[2345]]>
              </value>
            </param>
            <param index="9">
              <value>
                <![CDATA[FirstNameISEmpty]]>
              </value>
            </param>
            <param index="10">
              <value>
                <![CDATA[Please Enter your First Name]]>
              </value>
            </param>
          </params>
          <reporter-output>
          </reporter-output>
        </test-method> <!-- BookingHotelsTest -->
        <test-method is-config="true" signature="closingBrowser()[pri:0, instance:test.TC_009ValidateBookAHotel@76505305]" started-at="2025-03-28T22:54:49 IST" name="closingBrowser" finished-at="2025-03-28T22:54:49 IST" duration-ms="131" status="PASS">
          <reporter-output>
          </reporter-output>
        </test-method> <!-- closingBrowser -->
        <test-method is-config="true" signature="LaunchBrowser(java.lang.String,java.lang.String)[pri:0, instance:test.TC_009ValidateBookAHotel@76505305]" started-at="2025-03-28T22:54:49 IST" name="LaunchBrowser" finished-at="2025-03-28T22:55:04 IST" duration-ms="14085" status="PASS">
          <params>
            <param index="0">
              <value>
                <![CDATA[https://adactinhotelapp.com/index.php]]>
              </value>
            </param>
            <param index="1">
              <value>
                <![CDATA[Chrome]]>
              </value>
            </param>
          </params>
          <reporter-output>
          </reporter-output>
        </test-method> <!-- LaunchBrowser -->
        <test-method signature="BookingHotelsTest(java.lang.String,java.lang.String,java.lang.String,java.lang.String,java.lang.String,java.lang.String,java.lang.String,java.lang.String,java.lang.String,java.lang.String,java.lang.String)[pri:0, instance:test.TC_009ValidateBookAHotel@76505305]" started-at="2025-03-28T22:55:04 IST" name="BookingHotelsTest" data-provider="readData" finished-at="2025-03-28T22:55:16 IST" duration-ms="12767" status="PASS">
          <params>
            <param index="0">
              <value>
                <![CDATA[Sharmila245]]>
              </value>
            </param>
            <param index="1">
              <value>
                <![CDATA[sharmila24]]>
              </value>
            </param>
            <param index="2">
              <value>
                <![CDATA[25-05-2025]]>
              </value>
            </param>
            <param index="3">
              <value>
                <![CDATA[26-05-2025]]>
              </value>
            </param>
            <param index="4">
              <value>
                <![CDATA[Sharmila]]>
              </value>
            </param>
            <param index="5">
              <value>
                <![CDATA[]]>
              </value>
            </param>
            <param index="6">
              <value>
                <![CDATA[Thorapadii,Vellore]]>
              </value>
            </param>
            <param index="7">
              <value>
                <![CDATA[1234567891234560]]>
              </value>
            </param>
            <param index="8">
              <value>
                <![CDATA[2345]]>
              </value>
            </param>
            <param index="9">
              <value>
                <![CDATA[LastNameISEmpty]]>
              </value>
            </param>
            <param index="10">
              <value>
                <![CDATA[Please Enter you Last Name]]>
              </value>
            </param>
          </params>
          <reporter-output>
          </reporter-output>
        </test-method> <!-- BookingHotelsTest -->
        <test-method is-config="true" signature="closingBrowser()[pri:0, instance:test.TC_009ValidateBookAHotel@76505305]" started-at="2025-03-28T22:55:16 IST" name="closingBrowser" finished-at="2025-03-28T22:55:17 IST" duration-ms="93" status="PASS">
          <reporter-output>
          </reporter-output>
        </test-method> <!-- closingBrowser -->
        <test-method is-config="true" signature="LaunchBrowser(java.lang.String,java.lang.String)[pri:0, instance:test.TC_009ValidateBookAHotel@76505305]" started-at="2025-03-28T22:55:17 IST" name="LaunchBrowser" finished-at="2025-03-28T22:55:21 IST" duration-ms="4800" status="PASS">
          <params>
            <param index="0">
              <value>
                <![CDATA[https://adactinhotelapp.com/index.php]]>
              </value>
            </param>
            <param index="1">
              <value>
                <![CDATA[Chrome]]>
              </value>
            </param>
          </params>
          <reporter-output>
          </reporter-output>
        </test-method> <!-- LaunchBrowser -->
        <test-method signature="BookingHotelsTest(java.lang.String,java.lang.String,java.lang.String,java.lang.String,java.lang.String,java.lang.String,java.lang.String,java.lang.String,java.lang.String,java.lang.String,java.lang.String)[pri:0, instance:test.TC_009ValidateBookAHotel@76505305]" started-at="2025-03-28T22:55:21 IST" name="BookingHotelsTest" data-provider="readData" finished-at="2025-03-28T22:55:33 IST" duration-ms="11769" status="PASS">
          <params>
            <param index="0">
              <value>
                <![CDATA[Sharmila245]]>
              </value>
            </param>
            <param index="1">
              <value>
                <![CDATA[sharmila24]]>
              </value>
            </param>
            <param index="2">
              <value>
                <![CDATA[23-05-2025]]>
              </value>
            </param>
            <param index="3">
              <value>
                <![CDATA[25-05-2025]]>
              </value>
            </param>
            <param index="4">
              <value>
                <![CDATA[Sharmila]]>
              </value>
            </param>
            <param index="5">
              <value>
                <![CDATA[Devasudha]]>
              </value>
            </param>
            <param index="6">
              <value>
                <![CDATA[]]>
              </value>
            </param>
            <param index="7">
              <value>
                <![CDATA[1234567891234560]]>
              </value>
            </param>
            <param index="8">
              <value>
                <![CDATA[2345]]>
              </value>
            </param>
            <param index="9">
              <value>
                <![CDATA[AddressIsEmpty]]>
              </value>
            </param>
            <param index="10">
              <value>
                <![CDATA[Please Enter your Address]]>
              </value>
            </param>
          </params>
          <reporter-output>
          </reporter-output>
        </test-method> <!-- BookingHotelsTest -->
        <test-method is-config="true" signature="closingBrowser()[pri:0, instance:test.TC_009ValidateBookAHotel@76505305]" started-at="2025-03-28T22:55:33 IST" name="closingBrowser" finished-at="2025-03-28T22:55:33 IST" duration-ms="113" status="PASS">
          <reporter-output>
          </reporter-output>
        </test-method> <!-- closingBrowser -->
        <test-method is-config="true" signature="LaunchBrowser(java.lang.String,java.lang.String)[pri:0, instance:test.TC_009ValidateBookAHotel@76505305]" started-at="2025-03-28T22:55:33 IST" name="LaunchBrowser" finished-at="2025-03-28T22:55:38 IST" duration-ms="4741" status="PASS">
          <params>
            <param index="0">
              <value>
                <![CDATA[https://adactinhotelapp.com/index.php]]>
              </value>
            </param>
            <param index="1">
              <value>
                <![CDATA[Chrome]]>
              </value>
            </param>
          </params>
          <reporter-output>
          </reporter-output>
        </test-method> <!-- LaunchBrowser -->
        <test-method signature="BookingHotelsTest(java.lang.String,java.lang.String,java.lang.String,java.lang.String,java.lang.String,java.lang.String,java.lang.String,java.lang.String,java.lang.String,java.lang.String,java.lang.String)[pri:0, instance:test.TC_009ValidateBookAHotel@76505305]" started-at="2025-03-28T22:55:38 IST" name="BookingHotelsTest" data-provider="readData" finished-at="2025-03-28T22:55:50 IST" duration-ms="12332" status="PASS">
          <params>
            <param index="0">
              <value>
                <![CDATA[Sharmila245]]>
              </value>
            </param>
            <param index="1">
              <value>
                <![CDATA[sharmila24]]>
              </value>
            </param>
            <param index="2">
              <value>
                <![CDATA[22-05-2025]]>
              </value>
            </param>
            <param index="3">
              <value>
                <![CDATA[25-05-2025]]>
              </value>
            </param>
            <param index="4">
              <value>
                <![CDATA[Sharmila]]>
              </value>
            </param>
            <param index="5">
              <value>
                <![CDATA[Devasudha]]>
              </value>
            </param>
            <param index="6">
              <value>
                <![CDATA[Thorapadii,Vellore]]>
              </value>
            </param>
            <param index="7">
              <value>
                <![CDATA[1234]]>
              </value>
            </param>
            <param index="8">
              <value>
                <![CDATA[2345]]>
              </value>
            </param>
            <param index="9">
              <value>
                <![CDATA[CArdNo.IsEmpty]]>
              </value>
            </param>
            <param index="10">
              <value>
                <![CDATA[Please Enter your 16 Digit Credit Card Number]]>
              </value>
            </param>
          </params>
          <reporter-output>
          </reporter-output>
        </test-method> <!-- BookingHotelsTest -->
        <test-method is-config="true" signature="closingBrowser()[pri:0, instance:test.TC_009ValidateBookAHotel@76505305]" started-at="2025-03-28T22:55:51 IST" name="closingBrowser" finished-at="2025-03-28T22:55:51 IST" duration-ms="115" status="PASS">
          <reporter-output>
          </reporter-output>
        </test-method> <!-- closingBrowser -->
        <test-method is-config="true" signature="LaunchBrowser(java.lang.String,java.lang.String)[pri:0, instance:test.TC_009ValidateBookAHotel@76505305]" started-at="2025-03-28T22:55:51 IST" name="LaunchBrowser" finished-at="2025-03-28T22:55:55 IST" duration-ms="4651" status="PASS">
          <params>
            <param index="0">
              <value>
                <![CDATA[https://adactinhotelapp.com/index.php]]>
              </value>
            </param>
            <param index="1">
              <value>
                <![CDATA[Chrome]]>
              </value>
            </param>
          </params>
          <reporter-output>
          </reporter-output>
        </test-method> <!-- LaunchBrowser -->
        <test-method signature="BookingHotelsTest(java.lang.String,java.lang.String,java.lang.String,java.lang.String,java.lang.String,java.lang.String,java.lang.String,java.lang.String,java.lang.String,java.lang.String,java.lang.String)[pri:0, instance:test.TC_009ValidateBookAHotel@76505305]" started-at="2025-03-28T22:55:55 IST" name="BookingHotelsTest" data-provider="readData" finished-at="2025-03-28T22:56:08 IST" duration-ms="12834" status="PASS">
          <params>
            <param index="0">
              <value>
                <![CDATA[Sharmila245]]>
              </value>
            </param>
            <param index="1">
              <value>
                <![CDATA[sharmila24]]>
              </value>
            </param>
            <param index="2">
              <value>
                <![CDATA[30-05-2025]]>
              </value>
            </param>
            <param index="3">
              <value>
                <![CDATA[02-06-2025]]>
              </value>
            </param>
            <param index="4">
              <value>
                <![CDATA[Sharmila]]>
              </value>
            </param>
            <param index="5">
              <value>
                <![CDATA[Devasudha]]>
              </value>
            </param>
            <param index="6">
              <value>
                <![CDATA[Thorapadii,Vellore]]>
              </value>
            </param>
            <param index="7">
              <value>
                <![CDATA[1234567891234560]]>
              </value>
            </param>
            <param index="8">
              <value>
                <![CDATA[2345]]>
              </value>
            </param>
            <param index="9">
              <value>
                <![CDATA[UnselectedCreditCardType]]>
              </value>
            </param>
            <param index="10">
              <value>
                <![CDATA[Please Select your Credit Card Type]]>
              </value>
            </param>
          </params>
          <reporter-output>
          </reporter-output>
        </test-method> <!-- BookingHotelsTest -->
        <test-method is-config="true" signature="closingBrowser()[pri:0, instance:test.TC_009ValidateBookAHotel@76505305]" started-at="2025-03-28T22:56:08 IST" name="closingBrowser" finished-at="2025-03-28T22:56:08 IST" duration-ms="94" status="PASS">
          <reporter-output>
          </reporter-output>
        </test-method> <!-- closingBrowser -->
        <test-method is-config="true" signature="LaunchBrowser(java.lang.String,java.lang.String)[pri:0, instance:test.TC_009ValidateBookAHotel@76505305]" started-at="2025-03-28T22:56:08 IST" name="LaunchBrowser" finished-at="2025-03-28T22:56:13 IST" duration-ms="4711" status="PASS">
          <params>
            <param index="0">
              <value>
                <![CDATA[https://adactinhotelapp.com/index.php]]>
              </value>
            </param>
            <param index="1">
              <value>
                <![CDATA[Chrome]]>
              </value>
            </param>
          </params>
          <reporter-output>
          </reporter-output>
        </test-method> <!-- LaunchBrowser -->
        <test-method signature="BookingHotelsTest(java.lang.String,java.lang.String,java.lang.String,java.lang.String,java.lang.String,java.lang.String,java.lang.String,java.lang.String,java.lang.String,java.lang.String,java.lang.String)[pri:0, instance:test.TC_009ValidateBookAHotel@76505305]" started-at="2025-03-28T22:56:13 IST" name="BookingHotelsTest" data-provider="readData" finished-at="2025-03-28T22:56:24 IST" duration-ms="10723" status="PASS">
          <params>
            <param index="0">
              <value>
                <![CDATA[Sharmila245]]>
              </value>
            </param>
            <param index="1">
              <value>
                <![CDATA[sharmila24]]>
              </value>
            </param>
            <param index="2">
              <value>
                <![CDATA[04-04-2025]]>
              </value>
            </param>
            <param index="3">
              <value>
                <![CDATA[05-04-2025]]>
              </value>
            </param>
            <param index="4">
              <value>
                <![CDATA[Sharmila]]>
              </value>
            </param>
            <param index="5">
              <value>
                <![CDATA[Devasudha]]>
              </value>
            </param>
            <param index="6">
              <value>
                <![CDATA[Thorapadii,Vellore]]>
              </value>
            </param>
            <param index="7">
              <value>
                <![CDATA[1234567891234560]]>
              </value>
            </param>
            <param index="8">
              <value>
                <![CDATA[2345]]>
              </value>
            </param>
            <param index="9">
              <value>
                <![CDATA[UnselectdExpiryMonth]]>
              </value>
            </param>
            <param index="10">
              <value>
                <![CDATA[Please Select your Credit Card Expiry Month]]>
              </value>
            </param>
          </params>
          <reporter-output>
          </reporter-output>
        </test-method> <!-- BookingHotelsTest -->
        <test-method is-config="true" signature="closingBrowser()[pri:0, instance:test.TC_009ValidateBookAHotel@76505305]" started-at="2025-03-28T22:56:24 IST" name="closingBrowser" finished-at="2025-03-28T22:56:24 IST" duration-ms="101" status="PASS">
          <reporter-output>
          </reporter-output>
        </test-method> <!-- closingBrowser -->
        <test-method is-config="true" signature="LaunchBrowser(java.lang.String,java.lang.String)[pri:0, instance:test.TC_009ValidateBookAHotel@76505305]" started-at="2025-03-28T22:56:24 IST" name="LaunchBrowser" finished-at="2025-03-28T22:56:29 IST" duration-ms="4809" status="PASS">
          <params>
            <param index="0">
              <value>
                <![CDATA[https://adactinhotelapp.com/index.php]]>
              </value>
            </param>
            <param index="1">
              <value>
                <![CDATA[Chrome]]>
              </value>
            </param>
          </params>
          <reporter-output>
          </reporter-output>
        </test-method> <!-- LaunchBrowser -->
        <test-method signature="BookingHotelsTest(java.lang.String,java.lang.String,java.lang.String,java.lang.String,java.lang.String,java.lang.String,java.lang.String,java.lang.String,java.lang.String,java.lang.String,java.lang.String)[pri:0, instance:test.TC_009ValidateBookAHotel@76505305]" started-at="2025-03-28T22:56:29 IST" name="BookingHotelsTest" data-provider="readData" finished-at="2025-03-28T22:56:40 IST" duration-ms="11156" status="PASS">
          <params>
            <param index="0">
              <value>
                <![CDATA[Sharmila245]]>
              </value>
            </param>
            <param index="1">
              <value>
                <![CDATA[sharmila24]]>
              </value>
            </param>
            <param index="2">
              <value>
                <![CDATA[07-04-2025]]>
              </value>
            </param>
            <param index="3">
              <value>
                <![CDATA[08-05-2025]]>
              </value>
            </param>
            <param index="4">
              <value>
                <![CDATA[Sharmila]]>
              </value>
            </param>
            <param index="5">
              <value>
                <![CDATA[Devasudha]]>
              </value>
            </param>
            <param index="6">
              <value>
                <![CDATA[Thorapadii,Vellore]]>
              </value>
            </param>
            <param index="7">
              <value>
                <![CDATA[1234567891234560]]>
              </value>
            </param>
            <param index="8">
              <value>
                <![CDATA[]]>
              </value>
            </param>
            <param index="9">
              <value>
                <![CDATA[CVVNo.ISEmpty]]>
              </value>
            </param>
            <param index="10">
              <value>
                <![CDATA[Please Enter your Credit Card CVV Number]]>
              </value>
            </param>
          </params>
          <reporter-output>
          </reporter-output>
        </test-method> <!-- BookingHotelsTest -->
        <test-method is-config="true" signature="closingBrowser()[pri:0, instance:test.TC_009ValidateBookAHotel@76505305]" started-at="2025-03-28T22:56:40 IST" name="closingBrowser" finished-at="2025-03-28T22:56:40 IST" duration-ms="107" status="PASS">
          <reporter-output>
          </reporter-output>
        </test-method> <!-- closingBrowser -->
        <test-method is-config="true" signature="closeReport()[pri:0, instance:test.TC_009ValidateBookAHotel@76505305]" started-at="2025-03-28T22:56:40 IST" name="closeReport" finished-at="2025-03-28T22:56:40 IST" duration-ms="53" status="PASS">
          <reporter-output>
          </reporter-output>
        </test-method> <!-- closeReport -->
      </class> <!-- test.TC_009ValidateBookAHotel -->
    </test> <!-- Test -->
  </suite> <!-- Suite (7) -->
  <suite started-at="2025-03-28T22:54:23 IST" name="Suite (6)" finished-at="2025-03-28T22:54:32 IST" duration-ms="8961">
    <groups>
    </groups>
    <test started-at="2025-03-28T22:54:23 IST" name="Test" finished-at="2025-03-28T22:54:32 IST" duration-ms="8961">
      <class name="test.TC_005SearchHoteltest">
        <test-method is-config="true" signature="reportIniatialization()[pri:0, instance:test.TC_005SearchHoteltest@3270d194]" started-at="2025-03-28T22:54:23 IST" name="reportIniatialization" finished-at="2025-03-28T22:54:23 IST" duration-ms="1" status="PASS">
          <reporter-output>
          </reporter-output>
        </test-method> <!-- reportIniatialization -->
        <test-method is-config="true" signature="setup()[pri:0, instance:test.TC_005SearchHoteltest@3270d194]" started-at="2025-03-28T22:54:23 IST" name="setup" finished-at="2025-03-28T22:54:23 IST" duration-ms="0" status="PASS">
          <reporter-output>
          </reporter-output>
        </test-method> <!-- setup -->
        <test-method is-config="true" signature="testDetails()[pri:0, instance:test.TC_005SearchHoteltest@3270d194]" started-at="2025-03-28T22:54:23 IST" name="testDetails" finished-at="2025-03-28T22:54:23 IST" duration-ms="0" status="PASS">
          <reporter-output>
          </reporter-output>
        </test-method> <!-- testDetails -->
        <test-method is-config="true" signature="LaunchBrowser(java.lang.String,java.lang.String)[pri:0, instance:test.TC_005SearchHoteltest@3270d194]" started-at="2025-03-28T22:54:23 IST" name="LaunchBrowser" finished-at="2025-03-28T22:54:28 IST" duration-ms="5004" status="PASS">
          <params>
            <param index="0">
              <value>
                <![CDATA[https://adactinhotelapp.com/index.php]]>
              </value>
            </param>
            <param index="1">
              <value>
                <![CDATA[Chrome]]>
              </value>
            </param>
          </params>
          <reporter-output>
          </reporter-output>
        </test-method> <!-- LaunchBrowser -->
        <test-method signature="SearchHotelsTest(java.lang.String,java.lang.String,java.lang.String,java.lang.String)[pri:0, instance:test.TC_005SearchHoteltest@3270d194]" started-at="2025-03-28T22:54:28 IST" name="SearchHotelsTest" data-provider="readData" finished-at="2025-03-28T22:54:32 IST" duration-ms="3515" status="PASS">
          <params>
            <param index="0">
              <value>
                <![CDATA[Sharmila245]]>
              </value>
            </param>
            <param index="1">
              <value>
                <![CDATA[sharmila24]]>
              </value>
            </param>
            <param index="2">
              <value>
                <![CDATA[25-05-2025]]>
              </value>
            </param>
            <param index="3">
              <value>
                <![CDATA[26-05-2025]]>
              </value>
            </param>
          </params>
          <reporter-output>
          </reporter-output>
        </test-method> <!-- SearchHotelsTest -->
        <test-method is-config="true" signature="closingBrowser()[pri:0, instance:test.TC_005SearchHoteltest@3270d194]" started-at="2025-03-28T22:54:32 IST" name="closingBrowser" finished-at="2025-03-28T22:54:32 IST" duration-ms="112" status="PASS">
          <reporter-output>
          </reporter-output>
        </test-method> <!-- closingBrowser -->
        <test-method is-config="true" signature="closeReport()[pri:0, instance:test.TC_005SearchHoteltest@3270d194]" started-at="2025-03-28T22:54:32 IST" name="closeReport" finished-at="2025-03-28T22:54:32 IST" duration-ms="78" status="PASS">
          <reporter-output>
          </reporter-output>
        </test-method> <!-- closeReport -->
      </class> <!-- test.TC_005SearchHoteltest -->
    </test> <!-- Test -->
  </suite> <!-- Suite (6) -->
  <suite started-at="2025-03-28T22:52:46 IST" name="Suite (5)" finished-at="2025-03-28T22:54:23 IST" duration-ms="96822">
    <groups>
    </groups>
    <test started-at="2025-03-28T22:52:46 IST" name="Test" finished-at="2025-03-28T22:54:23 IST" duration-ms="96822">
      <class name="test.TC_001RegisterTest">
        <test-method is-config="true" signature="setup()[pri:0, instance:test.TC_001RegisterTest@a1153bc]" started-at="2025-03-28T22:52:46 IST" name="setup" finished-at="2025-03-28T22:52:46 IST" duration-ms="1" status="PASS">
          <reporter-output>
          </reporter-output>
        </test-method> <!-- setup -->
        <test-method is-config="true" signature="reportIniatialization()[pri:0, instance:test.TC_001RegisterTest@a1153bc]" started-at="2025-03-28T22:52:46 IST" name="reportIniatialization" finished-at="2025-03-28T22:52:46 IST" duration-ms="0" status="PASS">
          <reporter-output>
          </reporter-output>
        </test-method> <!-- reportIniatialization -->
        <test-method is-config="true" signature="testDetails()[pri:0, instance:test.TC_001RegisterTest@a1153bc]" started-at="2025-03-28T22:52:46 IST" name="testDetails" finished-at="2025-03-28T22:52:46 IST" duration-ms="0" status="PASS">
          <reporter-output>
          </reporter-output>
        </test-method> <!-- testDetails -->
        <test-method is-config="true" signature="LaunchBrowser(java.lang.String,java.lang.String)[pri:0, instance:test.TC_001RegisterTest@a1153bc]" started-at="2025-03-28T22:52:46 IST" name="LaunchBrowser" finished-at="2025-03-28T22:52:50 IST" duration-ms="4164" status="PASS">
          <params>
            <param index="0">
              <value>
                <![CDATA[https://adactinhotelapp.com/index.php]]>
              </value>
            </param>
            <param index="1">
              <value>
                <![CDATA[Chrome]]>
              </value>
            </param>
          </params>
          <reporter-output>
          </reporter-output>
        </test-method> <!-- LaunchBrowser -->
        <test-method signature="ValidRegisterTest(java.lang.String,java.lang.String,java.lang.String,java.lang.String,java.lang.String)[pri:0, instance:test.TC_001RegisterTest@a1153bc]" started-at="2025-03-28T22:52:50 IST" name="ValidRegisterTest" data-provider="readData" finished-at="2025-03-28T22:54:22 IST" duration-ms="92186" status="FAIL">
          <params>
            <param index="0">
              <value>
                <![CDATA[Sharmila245]]>
              </value>
            </param>
            <param index="1">
              <value>
                <![CDATA[sharmila24]]>
              </value>
            </param>
            <param index="2">
              <value>
                <![CDATA[sharmila24]]>
              </value>
            </param>
            <param index="3">
              <value>
                <![CDATA[SharmilaD]]>
              </value>
            </param>
            <param index="4">
              <value>
                <![CDATA[sharmiladeva.1234@gmail.com]]>
              </value>
            </param>
          </params>
          <exception class="org.openqa.selenium.NoSuchElementException">
            <message>
              <![CDATA[no such element: Unable to locate element: {"method":"xpath","selector":"//a[text()='Click here to login']"}
  (Session info: chrome=134.0.6998.166)
For documentation on this error, please visit: https://www.selenium.dev/documentation/webdriver/troubleshooting/errors#no-such-element-exception
Build info: version: '4.28.0', revision: 'ac342546e9'
System info: os.name: 'Windows 10', os.arch: 'amd64', os.version: '10.0', java.version: '21.0.6'
Driver info: org.openqa.selenium.chrome.ChromeDriver
Command: [9a07722b1920bac07dc30e8021a9adbc, findElement {value=//a[text()='Click here to login'], using=xpath}]
Capabilities {acceptInsecureCerts: false, browserName: chrome, browserVersion: 134.0.6998.166, chrome: {chromedriverVersion: 134.0.6998.165 (fd886e2cb29..., userDataDir: C:\Users\USER\AppData\Local...}, fedcm:accounts: true, goog:chromeOptions: {debuggerAddress: localhost:56073}, networkConnectionEnabled: false, pageLoadStrategy: normal, platformName: windows, proxy: Proxy(), se:cdp: ws://localhost:56073/devtoo..., se:cdpVersion: 134.0.6998.166, setWindowRect: true, strictFileInteractability: false, timeouts: {implicit: 0, pageLoad: 300000, script: 30000}, unhandledPromptBehavior: dismiss and notify, webauthn:extension:credBlob: true, webauthn:extension:largeBlob: true, webauthn:extension:minPinLength: true, webauthn:extension:prf: true, webauthn:virtualAuthenticators: true}
Session ID: 9a07722b1920bac07dc30e8021a9adbc]]>
            </message>
            <full-stacktrace>
              <![CDATA[org.openqa.selenium.NoSuchElementException: no such element: Unable to locate element: {"method":"xpath","selector":"//a[text()='Click here to login']"}
  (Session info: chrome=134.0.6998.166)
For documentation on this error, please visit: https://www.selenium.dev/documentation/webdriver/troubleshooting/errors#no-such-element-exception
Build info: version: '4.28.0', revision: 'ac342546e9'
System info: os.name: 'Windows 10', os.arch: 'amd64', os.version: '10.0', java.version: '21.0.6'
Driver info: org.openqa.selenium.chrome.ChromeDriver
Command: [9a07722b1920bac07dc30e8021a9adbc, findElement {value=//a[text()='Click here to login'], using=xpath}]
Capabilities {acceptInsecureCerts: false, browserName: chrome, browserVersion: 134.0.6998.166, chrome: {chromedriverVersion: 134.0.6998.165 (fd886e2cb29..., userDataDir: C:\Users\USER\AppData\Local...}, fedcm:accounts: true, goog:chromeOptions: {debuggerAddress: localhost:56073}, networkConnectionEnabled: false, pageLoadStrategy: normal, platformName: windows, proxy: Proxy(), se:cdp: ws://localhost:56073/devtoo..., se:cdpVersion: 134.0.6998.166, setWindowRect: true, strictFileInteractability: false, timeouts: {implicit: 0, pageLoad: 300000, script: 30000}, unhandledPromptBehavior: dismiss and notify, webauthn:extension:credBlob: true, webauthn:extension:largeBlob: true, webauthn:extension:minPinLength: true, webauthn:extension:prf: true, webauthn:virtualAuthenticators: true}
Session ID: 9a07722b1920bac07dc30e8021a9adbc
at java.base/jdk.internal.reflect.DirectConstructorHandleAccessor.newInstance(DirectConstructorHandleAccessor.java:62)
at java.base/java.lang.reflect.Constructor.newInstanceWithCaller(Constructor.java:502)
at java.base/java.lang.reflect.Constructor.newInstance(Constructor.java:486)
at org.openqa.selenium.remote.ErrorCodec.decode(ErrorCodec.java:167)
at org.openqa.selenium.remote.codec.w3c.W3CHttpResponseCodec.decode(W3CHttpResponseCodec.java:138)
at org.openqa.selenium.remote.codec.w3c.W3CHttpResponseCodec.decode(W3CHttpResponseCodec.java:50)
at org.openqa.selenium.remote.HttpCommandExecutor.execute(HttpCommandExecutor.java:215)
at org.openqa.selenium.remote.service.DriverCommandExecutor.invokeExecute(DriverCommandExecutor.java:216)
at org.openqa.selenium.remote.service.DriverCommandExecutor.execute(DriverCommandExecutor.java:174)
at org.openqa.selenium.remote.RemoteWebDriver.execute(RemoteWebDriver.java:545)
at org.openqa.selenium.remote.ElementLocation$ElementFinder$2.findElement(ElementLocation.java:165)
at org.openqa.selenium.remote.ElementLocation.findElement(ElementLocation.java:59)
at org.openqa.selenium.remote.RemoteWebDriver.findElement(RemoteWebDriver.java:368)
at org.openqa.selenium.remote.RemoteWebDriver.findElement(RemoteWebDriver.java:362)
at org.openqa.selenium.support.pagefactory.DefaultElementLocator.findElement(DefaultElementLocator.java:68)
at org.openqa.selenium.support.pagefactory.internal.LocatingElementHandler.invoke(LocatingElementHandler.java:38)
at jdk.proxy2/jdk.proxy2.$Proxy17.click(Unknown Source)
at page.RegisterVerification.LoginLink(RegisterVerification.java:44)
at test.TC_001RegisterTest.ValidRegisterTest(TC_001RegisterTest.java:37)
at java.base/jdk.internal.reflect.DirectMethodHandleAccessor.invoke(DirectMethodHandleAccessor.java:103)
at java.base/java.lang.reflect.Method.invoke(Method.java:580)
at org.testng.internal.invokers.MethodInvocationHelper.invokeMethod(MethodInvocationHelper.java:139)
at org.testng.internal.invokers.TestInvoker.invokeMethod(TestInvoker.java:664)
at org.testng.internal.invokers.TestInvoker.invokeTestMethod(TestInvoker.java:228)
at org.testng.internal.invokers.MethodRunner.runInSequence(MethodRunner.java:63)
at org.testng.internal.invokers.TestInvoker$MethodInvocationAgent.invoke(TestInvoker.java:961)
at org.testng.internal.invokers.TestInvoker.invokeTestMethods(TestInvoker.java:201)
at org.testng.internal.invokers.TestMethodWorker.invokeTestMethods(TestMethodWorker.java:148)
at org.testng.internal.invokers.TestMethodWorker.run(TestMethodWorker.java:128)
at java.base/java.util.ArrayList.forEach(ArrayList.java:1596)
at org.testng.TestRunner.privateRun(TestRunner.java:819)
at org.testng.TestRunner.run(TestRunner.java:619)
at org.testng.SuiteRunner.runTest(SuiteRunner.java:443)
at org.testng.SuiteRunner.runSequentially(SuiteRunner.java:437)
at org.testng.SuiteRunner.privateRun(SuiteRunner.java:397)
at org.testng.SuiteRunner.run(SuiteRunner.java:336)
at org.testng.SuiteRunnerWorker.runSuite(SuiteRunnerWorker.java:52)
at org.testng.SuiteRunnerWorker.run(SuiteRunnerWorker.java:95)
at org.testng.TestNG.runSuitesSequentially(TestNG.java:1301)
at org.testng.TestNG.runSuitesLocally(TestNG.java:1228)
at org.testng.TestNG.runSuites(TestNG.java:1134)
at org.testng.TestNG.run(TestNG.java:1101)
at org.apache.maven.surefire.testng.TestNGExecutor.run(TestNGExecutor.java:308)
at org.apache.maven.surefire.testng.TestNGXmlTestSuite.execute(TestNGXmlTestSuite.java:71)
at org.apache.maven.surefire.testng.TestNGProvider.invoke(TestNGProvider.java:113)
at org.apache.maven.surefire.booter.ForkedBooter.runSuitesInProcess(ForkedBooter.java:385)
at org.apache.maven.surefire.booter.ForkedBooter.execute(ForkedBooter.java:162)
at org.apache.maven.surefire.booter.ForkedBooter.run(ForkedBooter.java:507)
at org.apache.maven.surefire.booter.ForkedBooter.main(ForkedBooter.java:495)
]]>
            </full-stacktrace>
          </exception> <!-- org.openqa.selenium.NoSuchElementException -->
          <reporter-output>
          </reporter-output>
        </test-method> <!-- ValidRegisterTest -->
        <test-method is-config="true" signature="closingBrowser()[pri:0, instance:test.TC_001RegisterTest@a1153bc]" started-at="2025-03-28T22:54:23 IST" name="closingBrowser" finished-at="2025-03-28T22:54:23 IST" duration-ms="170" status="PASS">
          <reporter-output>
          </reporter-output>
        </test-method> <!-- closingBrowser -->
        <test-method is-config="true" signature="closeReport()[pri:0, instance:test.TC_001RegisterTest@a1153bc]" started-at="2025-03-28T22:54:23 IST" name="closeReport" finished-at="2025-03-28T22:54:23 IST" duration-ms="89" status="PASS">
          <reporter-output>
          </reporter-output>
        </test-method> <!-- closeReport -->
      </class> <!-- test.TC_001RegisterTest -->
    </test> <!-- Test -->
  </suite> <!-- Suite (5) -->
  <suite started-at="2025-03-28T22:47:46 IST" name="Suite (4)" finished-at="2025-03-28T22:52:46 IST" duration-ms="300321">
    <groups>
    </groups>
    <test started-at="2025-03-28T22:47:46 IST" name="Test" finished-at="2025-03-28T22:52:46 IST" duration-ms="300321">
      <class name="test.TC_002InvalidRegisterData">
        <test-method is-config="true" signature="reportIniatialization()[pri:0, instance:test.TC_002InvalidRegisterData@4c583ecf]" started-at="2025-03-28T22:47:46 IST" name="reportIniatialization" finished-at="2025-03-28T22:47:46 IST" duration-ms="0" status="PASS">
          <reporter-output>
          </reporter-output>
        </test-method> <!-- reportIniatialization -->
        <test-method is-config="true" signature="setup()[pri:0, instance:test.TC_002InvalidRegisterData@4c583ecf]" started-at="2025-03-28T22:47:46 IST" name="setup" finished-at="2025-03-28T22:47:46 IST" duration-ms="1" status="PASS">
          <reporter-output>
          </reporter-output>
        </test-method> <!-- setup -->
        <test-method is-config="true" signature="testDetails()[pri:0, instance:test.TC_002InvalidRegisterData@4c583ecf]" started-at="2025-03-28T22:47:46 IST" name="testDetails" finished-at="2025-03-28T22:47:46 IST" duration-ms="0" status="PASS">
          <reporter-output>
          </reporter-output>
        </test-method> <!-- testDetails -->
        <test-method is-config="true" signature="LaunchBrowser(java.lang.String,java.lang.String)[pri:0, instance:test.TC_002InvalidRegisterData@4c583ecf]" started-at="2025-03-28T22:47:46 IST" name="LaunchBrowser" finished-at="2025-03-28T22:47:50 IST" duration-ms="4712" status="PASS">
          <params>
            <param index="0">
              <value>
                <![CDATA[https://adactinhotelapp.com/index.php]]>
              </value>
            </param>
            <param index="1">
              <value>
                <![CDATA[Chrome]]>
              </value>
            </param>
          </params>
          <reporter-output>
          </reporter-output>
        </test-method> <!-- LaunchBrowser -->
        <test-method signature="ValidRegisterTest(java.lang.String,java.lang.String,java.lang.String,java.lang.String,java.lang.String,java.lang.String,java.lang.String)[pri:0, instance:test.TC_002InvalidRegisterData@4c583ecf]" started-at="2025-03-28T22:47:50 IST" name="ValidRegisterTest" data-provider="readData" finished-at="2025-03-28T22:48:43 IST" duration-ms="52349" status="PASS">
          <params>
            <param index="0">
              <value>
                <![CDATA[]]>
              </value>
            </param>
            <param index="1">
              <value>
                <![CDATA[sharmila24]]>
              </value>
            </param>
            <param index="2">
              <value>
                <![CDATA[sharmila24]]>
              </value>
            </param>
            <param index="3">
              <value>
                <![CDATA[SharmilaD]]>
              </value>
            </param>
            <param index="4">
              <value>
                <![CDATA[sharmiladeva.1234@gmail.com]]>
              </value>
            </param>
            <param index="5">
              <value>
                <![CDATA[UserNameIsEmpty]]>
              </value>
            </param>
            <param index="6">
              <value>
                <![CDATA[Username is Empty]]>
              </value>
            </param>
          </params>
          <reporter-output>
          </reporter-output>
        </test-method> <!-- ValidRegisterTest -->
        <test-method is-config="true" signature="closingBrowser()[pri:0, instance:test.TC_002InvalidRegisterData@4c583ecf]" started-at="2025-03-28T22:48:43 IST" name="closingBrowser" finished-at="2025-03-28T22:48:43 IST" duration-ms="155" status="PASS">
          <reporter-output>
          </reporter-output>
        </test-method> <!-- closingBrowser -->
        <test-method is-config="true" signature="LaunchBrowser(java.lang.String,java.lang.String)[pri:0, instance:test.TC_002InvalidRegisterData@4c583ecf]" started-at="2025-03-28T22:48:43 IST" name="LaunchBrowser" finished-at="2025-03-28T22:48:47 IST" duration-ms="4452" status="PASS">
          <params>
            <param index="0">
              <value>
                <![CDATA[https://adactinhotelapp.com/index.php]]>
              </value>
            </param>
            <param index="1">
              <value>
                <![CDATA[Chrome]]>
              </value>
            </param>
          </params>
          <reporter-output>
          </reporter-output>
        </test-method> <!-- LaunchBrowser -->
        <test-method signature="ValidRegisterTest(java.lang.String,java.lang.String,java.lang.String,java.lang.String,java.lang.String,java.lang.String,java.lang.String)[pri:0, instance:test.TC_002InvalidRegisterData@4c583ecf]" started-at="2025-03-28T22:48:47 IST" name="ValidRegisterTest" data-provider="readData" finished-at="2025-03-28T22:49:40 IST" duration-ms="52301" status="PASS">
          <params>
            <param index="0">
              <value>
                <![CDATA[Sharmila245]]>
              </value>
            </param>
            <param index="1">
              <value>
                <![CDATA[]]>
              </value>
            </param>
            <param index="2">
              <value>
                <![CDATA[sharmila24]]>
              </value>
            </param>
            <param index="3">
              <value>
                <![CDATA[SharmilaD]]>
              </value>
            </param>
            <param index="4">
              <value>
                <![CDATA[sharmiladeva.1234@gmail.com]]>
              </value>
            </param>
            <param index="5">
              <value>
                <![CDATA[PasswordIsEmpty]]>
              </value>
            </param>
            <param index="6">
              <value>
                <![CDATA[Password is Empty]]>
              </value>
            </param>
          </params>
          <reporter-output>
          </reporter-output>
        </test-method> <!-- ValidRegisterTest -->
        <test-method is-config="true" signature="closingBrowser()[pri:0, instance:test.TC_002InvalidRegisterData@4c583ecf]" started-at="2025-03-28T22:49:40 IST" name="closingBrowser" finished-at="2025-03-28T22:49:40 IST" duration-ms="120" status="PASS">
          <reporter-output>
          </reporter-output>
        </test-method> <!-- closingBrowser -->
        <test-method is-config="true" signature="LaunchBrowser(java.lang.String,java.lang.String)[pri:0, instance:test.TC_002InvalidRegisterData@4c583ecf]" started-at="2025-03-28T22:49:40 IST" name="LaunchBrowser" finished-at="2025-03-28T22:49:50 IST" duration-ms="10382" status="PASS">
          <params>
            <param index="0">
              <value>
                <![CDATA[https://adactinhotelapp.com/index.php]]>
              </value>
            </param>
            <param index="1">
              <value>
                <![CDATA[Chrome]]>
              </value>
            </param>
          </params>
          <reporter-output>
          </reporter-output>
        </test-method> <!-- LaunchBrowser -->
        <test-method signature="ValidRegisterTest(java.lang.String,java.lang.String,java.lang.String,java.lang.String,java.lang.String,java.lang.String,java.lang.String)[pri:0, instance:test.TC_002InvalidRegisterData@4c583ecf]" started-at="2025-03-28T22:49:50 IST" name="ValidRegisterTest" data-provider="readData" finished-at="2025-03-28T22:50:44 IST" duration-ms="53542" status="PASS">
          <params>
            <param index="0">
              <value>
                <![CDATA[Sharmila245]]>
              </value>
            </param>
            <param index="1">
              <value>
                <![CDATA[sharmila24]]>
              </value>
            </param>
            <param index="2">
              <value>
                <![CDATA[sharmila]]>
              </value>
            </param>
            <param index="3">
              <value>
                <![CDATA[SharmilaD]]>
              </value>
            </param>
            <param index="4">
              <value>
                <![CDATA[sharmiladeva.1234@gmail.com]]>
              </value>
            </param>
            <param index="5">
              <value>
                <![CDATA[InvalidConfirmPassword]]>
              </value>
            </param>
            <param index="6">
              <value>
                <![CDATA[Passwords Do Not Match]]>
              </value>
            </param>
          </params>
          <reporter-output>
          </reporter-output>
        </test-method> <!-- ValidRegisterTest -->
        <test-method is-config="true" signature="closingBrowser()[pri:0, instance:test.TC_002InvalidRegisterData@4c583ecf]" started-at="2025-03-28T22:50:44 IST" name="closingBrowser" finished-at="2025-03-28T22:50:45 IST" duration-ms="674" status="PASS">
          <reporter-output>
          </reporter-output>
        </test-method> <!-- closingBrowser -->
        <test-method is-config="true" signature="LaunchBrowser(java.lang.String,java.lang.String)[pri:0, instance:test.TC_002InvalidRegisterData@4c583ecf]" started-at="2025-03-28T22:50:45 IST" name="LaunchBrowser" finished-at="2025-03-28T22:50:52 IST" duration-ms="7084" status="PASS">
          <params>
            <param index="0">
              <value>
                <![CDATA[https://adactinhotelapp.com/index.php]]>
              </value>
            </param>
            <param index="1">
              <value>
                <![CDATA[Chrome]]>
              </value>
            </param>
          </params>
          <reporter-output>
          </reporter-output>
        </test-method> <!-- LaunchBrowser -->
        <test-method signature="ValidRegisterTest(java.lang.String,java.lang.String,java.lang.String,java.lang.String,java.lang.String,java.lang.String,java.lang.String)[pri:0, instance:test.TC_002InvalidRegisterData@4c583ecf]" started-at="2025-03-28T22:50:52 IST" name="ValidRegisterTest" data-provider="readData" finished-at="2025-03-28T22:51:44 IST" duration-ms="52333" status="PASS">
          <params>
            <param index="0">
              <value>
                <![CDATA[Sharmila245]]>
              </value>
            </param>
            <param index="1">
              <value>
                <![CDATA[sharmila24]]>
              </value>
            </param>
            <param index="2">
              <value>
                <![CDATA[sharmila24]]>
              </value>
            </param>
            <param index="3">
              <value>
                <![CDATA[]]>
              </value>
            </param>
            <param index="4">
              <value>
                <![CDATA[sharmiladeva.1234@gmail.com]]>
              </value>
            </param>
            <param index="5">
              <value>
                <![CDATA[FullNameIsEmpty]]>
              </value>
            </param>
            <param index="6">
              <value>
                <![CDATA[Full Name is Empty]]>
              </value>
            </param>
          </params>
          <reporter-output>
          </reporter-output>
        </test-method> <!-- ValidRegisterTest -->
        <test-method is-config="true" signature="closingBrowser()[pri:0, instance:test.TC_002InvalidRegisterData@4c583ecf]" started-at="2025-03-28T22:51:44 IST" name="closingBrowser" finished-at="2025-03-28T22:51:45 IST" duration-ms="190" status="PASS">
          <reporter-output>
          </reporter-output>
        </test-method> <!-- closingBrowser -->
        <test-method is-config="true" signature="LaunchBrowser(java.lang.String,java.lang.String)[pri:0, instance:test.TC_002InvalidRegisterData@4c583ecf]" started-at="2025-03-28T22:51:45 IST" name="LaunchBrowser" finished-at="2025-03-28T22:51:50 IST" duration-ms="5150" status="PASS">
          <params>
            <param index="0">
              <value>
                <![CDATA[https://adactinhotelapp.com/index.php]]>
              </value>
            </param>
            <param index="1">
              <value>
                <![CDATA[Chrome]]>
              </value>
            </param>
          </params>
          <reporter-output>
          </reporter-output>
        </test-method> <!-- LaunchBrowser -->
        <test-method signature="ValidRegisterTest(java.lang.String,java.lang.String,java.lang.String,java.lang.String,java.lang.String,java.lang.String,java.lang.String)[pri:0, instance:test.TC_002InvalidRegisterData@4c583ecf]" started-at="2025-03-28T22:51:50 IST" name="ValidRegisterTest" data-provider="readData" finished-at="2025-03-28T22:52:45 IST" duration-ms="55777" status="FAIL">
          <params>
            <param index="0">
              <value>
                <![CDATA[Sharmila245]]>
              </value>
            </param>
            <param index="1">
              <value>
                <![CDATA[sharmila24]]>
              </value>
            </param>
            <param index="2">
              <value>
                <![CDATA[sharmila24]]>
              </value>
            </param>
            <param index="3">
              <value>
                <![CDATA[SharmilaD]]>
              </value>
            </param>
            <param index="4">
              <value>
                <![CDATA[sharmiladeva.1234@gmail.com]]>
              </value>
            </param>
            <param index="5">
              <value>
                <![CDATA[InvalidEmailId]]>
              </value>
            </param>
            <param index="6">
              <value>
                <![CDATA[Invalid email, Please enter correct email.]]>
              </value>
            </param>
          </params>
          <exception class="java.lang.AssertionError">
            <message>
              <![CDATA[expected [Invalid email, Please enter correct email.] but found [Email address is already in use]]]>
            </message>
            <full-stacktrace>
              <![CDATA[java.lang.AssertionError: expected [Invalid email, Please enter correct email.] but found [Email address is already in use]
at org.testng.Assert.fail(Assert.java:111)
at org.testng.Assert.failNotEquals(Assert.java:1578)
at org.testng.Assert.assertEqualsImpl(Assert.java:150)
at org.testng.Assert.assertEquals(Assert.java:132)
at org.testng.Assert.assertEquals(Assert.java:656)
at org.testng.Assert.assertEquals(Assert.java:666)
at page.RegisterVerification.InvalidRegidterData(RegisterVerification.java:90)
at test.TC_002InvalidRegisterData.ValidRegisterTest(TC_002InvalidRegisterData.java:37)
at java.base/jdk.internal.reflect.DirectMethodHandleAccessor.invoke(DirectMethodHandleAccessor.java:103)
at java.base/java.lang.reflect.Method.invoke(Method.java:580)
at org.testng.internal.invokers.MethodInvocationHelper.invokeMethod(MethodInvocationHelper.java:139)
at org.testng.internal.invokers.TestInvoker.invokeMethod(TestInvoker.java:664)
at org.testng.internal.invokers.TestInvoker.invokeTestMethod(TestInvoker.java:228)
at org.testng.internal.invokers.MethodRunner.runInSequence(MethodRunner.java:63)
at org.testng.internal.invokers.TestInvoker$MethodInvocationAgent.invoke(TestInvoker.java:961)
at org.testng.internal.invokers.TestInvoker.invokeTestMethods(TestInvoker.java:201)
at org.testng.internal.invokers.TestMethodWorker.invokeTestMethods(TestMethodWorker.java:148)
at org.testng.internal.invokers.TestMethodWorker.run(TestMethodWorker.java:128)
at java.base/java.util.ArrayList.forEach(ArrayList.java:1596)
at org.testng.TestRunner.privateRun(TestRunner.java:819)
at org.testng.TestRunner.run(TestRunner.java:619)
at org.testng.SuiteRunner.runTest(SuiteRunner.java:443)
at org.testng.SuiteRunner.runSequentially(SuiteRunner.java:437)
at org.testng.SuiteRunner.privateRun(SuiteRunner.java:397)
at org.testng.SuiteRunner.run(SuiteRunner.java:336)
at org.testng.SuiteRunnerWorker.runSuite(SuiteRunnerWorker.java:52)
at org.testng.SuiteRunnerWorker.run(SuiteRunnerWorker.java:95)
at org.testng.TestNG.runSuitesSequentially(TestNG.java:1301)
at org.testng.TestNG.runSuitesLocally(TestNG.java:1228)
at org.testng.TestNG.runSuites(TestNG.java:1134)
at org.testng.TestNG.run(TestNG.java:1101)
at org.apache.maven.surefire.testng.TestNGExecutor.run(TestNGExecutor.java:308)
at org.apache.maven.surefire.testng.TestNGXmlTestSuite.execute(TestNGXmlTestSuite.java:71)
at org.apache.maven.surefire.testng.TestNGProvider.invoke(TestNGProvider.java:113)
at org.apache.maven.surefire.booter.ForkedBooter.runSuitesInProcess(ForkedBooter.java:385)
at org.apache.maven.surefire.booter.ForkedBooter.execute(ForkedBooter.java:162)
at org.apache.maven.surefire.booter.ForkedBooter.run(ForkedBooter.java:507)
at org.apache.maven.surefire.booter.ForkedBooter.main(ForkedBooter.java:495)
]]>
            </full-stacktrace>
          </exception> <!-- java.lang.AssertionError -->
          <reporter-output>
          </reporter-output>
        </test-method> <!-- ValidRegisterTest -->
        <test-method is-config="true" signature="closingBrowser()[pri:0, instance:test.TC_002InvalidRegisterData@4c583ecf]" started-at="2025-03-28T22:52:46 IST" name="closingBrowser" finished-at="2025-03-28T22:52:46 IST" duration-ms="188" status="PASS">
          <reporter-output>
          </reporter-output>
        </test-method> <!-- closingBrowser -->
        <test-method is-config="true" signature="closeReport()[pri:0, instance:test.TC_002InvalidRegisterData@4c583ecf]" started-at="2025-03-28T22:52:46 IST" name="closeReport" finished-at="2025-03-28T22:52:46 IST" duration-ms="82" status="PASS">
          <reporter-output>
          </reporter-output>
        </test-method> <!-- closeReport -->
      </class> <!-- test.TC_002InvalidRegisterData -->
    </test> <!-- Test -->
  </suite> <!-- Suite (4) -->
  <suite started-at="2025-03-28T22:47:21 IST" name="Suite (3)" finished-at="2025-03-28T22:47:45 IST" duration-ms="24267">
    <groups>
    </groups>
    <test started-at="2025-03-28T22:47:21 IST" name="Test" finished-at="2025-03-28T22:47:45 IST" duration-ms="24267">
      <class name="test.TC_004ValidateInvalidLoginData">
        <test-method is-config="true" signature="reportIniatialization()[pri:0, instance:test.TC_004ValidateInvalidLoginData@128d2484]" started-at="2025-03-28T22:47:21 IST" name="reportIniatialization" finished-at="2025-03-28T22:47:21 IST" duration-ms="1" status="PASS">
          <reporter-output>
          </reporter-output>
        </test-method> <!-- reportIniatialization -->
        <test-method is-config="true" signature="setup()[pri:0, instance:test.TC_004ValidateInvalidLoginData@128d2484]" started-at="2025-03-28T22:47:21 IST" name="setup" finished-at="2025-03-28T22:47:21 IST" duration-ms="0" status="PASS">
          <reporter-output>
          </reporter-output>
        </test-method> <!-- setup -->
        <test-method is-config="true" signature="testDetails()[pri:0, instance:test.TC_004ValidateInvalidLoginData@128d2484]" started-at="2025-03-28T22:47:21 IST" name="testDetails" finished-at="2025-03-28T22:47:21 IST" duration-ms="0" status="PASS">
          <reporter-output>
          </reporter-output>
        </test-method> <!-- testDetails -->
        <test-method is-config="true" signature="LaunchBrowser(java.lang.String,java.lang.String)[pri:0, instance:test.TC_004ValidateInvalidLoginData@128d2484]" started-at="2025-03-28T22:47:21 IST" name="LaunchBrowser" finished-at="2025-03-28T22:47:26 IST" duration-ms="5026" status="PASS">
          <params>
            <param index="0">
              <value>
                <![CDATA[https://adactinhotelapp.com/index.php]]>
              </value>
            </param>
            <param index="1">
              <value>
                <![CDATA[Chrome]]>
              </value>
            </param>
          </params>
          <reporter-output>
          </reporter-output>
        </test-method> <!-- LaunchBrowser -->
        <test-method signature="ValidateInvalidLogin(java.lang.String,java.lang.String,java.lang.String,java.lang.String)[pri:0, instance:test.TC_004ValidateInvalidLoginData@128d2484]" started-at="2025-03-28T22:47:26 IST" name="ValidateInvalidLogin" data-provider="readData" finished-at="2025-03-28T22:47:27 IST" duration-ms="293" status="PASS">
          <params>
            <param index="0">
              <value>
                <![CDATA[]]>
              </value>
            </param>
            <param index="1">
              <value>
                <![CDATA[sharmi24]]>
              </value>
            </param>
            <param index="2">
              <value>
                <![CDATA[UsrNameIsEmpty]]>
              </value>
            </param>
            <param index="3">
              <value>
                <![CDATA[Enter Username]]>
              </value>
            </param>
          </params>
          <reporter-output>
          </reporter-output>
        </test-method> <!-- ValidateInvalidLogin -->
        <test-method is-config="true" signature="closingBrowser()[pri:0, instance:test.TC_004ValidateInvalidLoginData@128d2484]" started-at="2025-03-28T22:47:27 IST" name="closingBrowser" finished-at="2025-03-28T22:47:27 IST" duration-ms="92" status="PASS">
          <reporter-output>
          </reporter-output>
        </test-method> <!-- closingBrowser -->
        <test-method is-config="true" signature="LaunchBrowser(java.lang.String,java.lang.String)[pri:0, instance:test.TC_004ValidateInvalidLoginData@128d2484]" started-at="2025-03-28T22:47:27 IST" name="LaunchBrowser" finished-at="2025-03-28T22:47:31 IST" duration-ms="4423" status="PASS">
          <params>
            <param index="0">
              <value>
                <![CDATA[https://adactinhotelapp.com/index.php]]>
              </value>
            </param>
            <param index="1">
              <value>
                <![CDATA[Chrome]]>
              </value>
            </param>
          </params>
          <reporter-output>
          </reporter-output>
        </test-method> <!-- LaunchBrowser -->
        <test-method signature="ValidateInvalidLogin(java.lang.String,java.lang.String,java.lang.String,java.lang.String)[pri:0, instance:test.TC_004ValidateInvalidLoginData@128d2484]" started-at="2025-03-28T22:47:31 IST" name="ValidateInvalidLogin" data-provider="readData" finished-at="2025-03-28T22:47:32 IST" duration-ms="297" status="PASS">
          <params>
            <param index="0">
              <value>
                <![CDATA[Sharmila123]]>
              </value>
            </param>
            <param index="1">
              <value>
                <![CDATA[]]>
              </value>
            </param>
            <param index="2">
              <value>
                <![CDATA[PasswordIsEmpty]]>
              </value>
            </param>
            <param index="3">
              <value>
                <![CDATA[Enter Password]]>
              </value>
            </param>
          </params>
          <reporter-output>
          </reporter-output>
        </test-method> <!-- ValidateInvalidLogin -->
        <test-method is-config="true" signature="closingBrowser()[pri:0, instance:test.TC_004ValidateInvalidLoginData@128d2484]" started-at="2025-03-28T22:47:32 IST" name="closingBrowser" finished-at="2025-03-28T22:47:32 IST" duration-ms="168" status="PASS">
          <reporter-output>
          </reporter-output>
        </test-method> <!-- closingBrowser -->
        <test-method is-config="true" signature="LaunchBrowser(java.lang.String,java.lang.String)[pri:0, instance:test.TC_004ValidateInvalidLoginData@128d2484]" started-at="2025-03-28T22:47:32 IST" name="LaunchBrowser" finished-at="2025-03-28T22:47:37 IST" duration-ms="4613" status="PASS">
          <params>
            <param index="0">
              <value>
                <![CDATA[https://adactinhotelapp.com/index.php]]>
              </value>
            </param>
            <param index="1">
              <value>
                <![CDATA[Chrome]]>
              </value>
            </param>
          </params>
          <reporter-output>
          </reporter-output>
        </test-method> <!-- LaunchBrowser -->
        <test-method signature="ValidateInvalidLogin(java.lang.String,java.lang.String,java.lang.String,java.lang.String)[pri:0, instance:test.TC_004ValidateInvalidLoginData@128d2484]" started-at="2025-03-28T22:47:37 IST" name="ValidateInvalidLogin" data-provider="readData" finished-at="2025-03-28T22:47:38 IST" duration-ms="1695" status="PASS">
          <params>
            <param index="0">
              <value>
                <![CDATA[Sharmila123]]>
              </value>
            </param>
            <param index="1">
              <value>
                <![CDATA[sharm]]>
              </value>
            </param>
            <param index="2">
              <value>
                <![CDATA[ClickForgotPassword]]>
              </value>
            </param>
            <param index="3">
              <value>
                <![CDATA[Forgot Password Form]]>
              </value>
            </param>
          </params>
          <reporter-output>
          </reporter-output>
        </test-method> <!-- ValidateInvalidLogin -->
        <test-method is-config="true" signature="closingBrowser()[pri:0, instance:test.TC_004ValidateInvalidLoginData@128d2484]" started-at="2025-03-28T22:47:39 IST" name="closingBrowser" finished-at="2025-03-28T22:47:39 IST" duration-ms="109" status="PASS">
          <reporter-output>
          </reporter-output>
        </test-method> <!-- closingBrowser -->
        <test-method is-config="true" signature="LaunchBrowser(java.lang.String,java.lang.String)[pri:0, instance:test.TC_004ValidateInvalidLoginData@128d2484]" started-at="2025-03-28T22:47:39 IST" name="LaunchBrowser" finished-at="2025-03-28T22:47:43 IST" duration-ms="4417" status="PASS">
          <params>
            <param index="0">
              <value>
                <![CDATA[https://adactinhotelapp.com/index.php]]>
              </value>
            </param>
            <param index="1">
              <value>
                <![CDATA[Chrome]]>
              </value>
            </param>
          </params>
          <reporter-output>
          </reporter-output>
        </test-method> <!-- LaunchBrowser -->
        <test-method signature="ValidateInvalidLogin(java.lang.String,java.lang.String,java.lang.String,java.lang.String)[pri:0, instance:test.TC_004ValidateInvalidLoginData@128d2484]" started-at="2025-03-28T22:47:43 IST" name="ValidateInvalidLogin" data-provider="readData" finished-at="2025-03-28T22:47:45 IST" duration-ms="1968" status="PASS">
          <params>
            <param index="0">
              <value>
                <![CDATA[Sharmila245]]>
              </value>
            </param>
            <param index="1">
              <value>
                <![CDATA[sharmi24]]>
              </value>
            </param>
            <param index="2">
              <value>
                <![CDATA[enterInvalidUserdata]]>
              </value>
            </param>
            <param index="3">
              <value>
                <![CDATA[Forgot Password Form]]>
              </value>
            </param>
          </params>
          <reporter-output>
          </reporter-output>
        </test-method> <!-- ValidateInvalidLogin -->
        <test-method is-config="true" signature="closingBrowser()[pri:0, instance:test.TC_004ValidateInvalidLoginData@128d2484]" started-at="2025-03-28T22:47:45 IST" name="closingBrowser" finished-at="2025-03-28T22:47:45 IST" duration-ms="119" status="PASS">
          <reporter-output>
          </reporter-output>
        </test-method> <!-- closingBrowser -->
        <test-method is-config="true" signature="closeReport()[pri:0, instance:test.TC_004ValidateInvalidLoginData@128d2484]" started-at="2025-03-28T22:47:45 IST" name="closeReport" finished-at="2025-03-28T22:47:46 IST" duration-ms="95" status="PASS">
          <reporter-output>
          </reporter-output>
        </test-method> <!-- closeReport -->
      </class> <!-- test.TC_004ValidateInvalidLoginData -->
    </test> <!-- Test -->
  </suite> <!-- Suite (3) -->
  <suite started-at="2025-03-28T22:47:16 IST" name="Suite (2)" finished-at="2025-03-28T22:47:21 IST" duration-ms="5109">
    <groups>
    </groups>
    <test started-at="2025-03-28T22:47:16 IST" name="Test" finished-at="2025-03-28T22:47:21 IST" duration-ms="5109">
      <class name="test.TC_011HomeContentTest">
        <test-method is-config="true" signature="reportIniatialization()[pri:0, instance:test.TC_011HomeContentTest@34a3d150]" started-at="2025-03-28T22:47:16 IST" name="reportIniatialization" finished-at="2025-03-28T22:47:16 IST" duration-ms="1" status="PASS">
          <reporter-output>
          </reporter-output>
        </test-method> <!-- reportIniatialization -->
        <test-method is-config="true" signature="setup()[pri:0, instance:test.TC_011HomeContentTest@34a3d150]" started-at="2025-03-28T22:47:16 IST" name="setup" finished-at="2025-03-28T22:47:16 IST" duration-ms="1" status="PASS">
          <reporter-output>
          </reporter-output>
        </test-method> <!-- setup -->
        <test-method is-config="true" signature="testDetails()[pri:0, instance:test.TC_011HomeContentTest@34a3d150]" started-at="2025-03-28T22:47:16 IST" name="testDetails" finished-at="2025-03-28T22:47:16 IST" duration-ms="1" status="PASS">
          <reporter-output>
          </reporter-output>
        </test-method> <!-- testDetails -->
        <test-method is-config="true" signature="LaunchBrowser(java.lang.String,java.lang.String)[pri:0, instance:test.TC_011HomeContentTest@34a3d150]" started-at="2025-03-28T22:47:16 IST" name="LaunchBrowser" finished-at="2025-03-28T22:47:20 IST" duration-ms="4301" status="PASS">
          <params>
            <param index="0">
              <value>
                <![CDATA[https://adactinhotelapp.com/index.php]]>
              </value>
            </param>
            <param index="1">
              <value>
                <![CDATA[Chrome]]>
              </value>
            </param>
          </params>
          <reporter-output>
          </reporter-output>
        </test-method> <!-- LaunchBrowser -->
        <test-method signature="HomeContentTest()[pri:0, instance:test.TC_011HomeContentTest@34a3d150]" started-at="2025-03-28T22:47:20 IST" name="HomeContentTest" finished-at="2025-03-28T22:47:21 IST" duration-ms="308" status="PASS">
          <reporter-output>
          </reporter-output>
        </test-method> <!-- HomeContentTest -->
        <test-method is-config="true" signature="closingBrowser()[pri:0, instance:test.TC_011HomeContentTest@34a3d150]" started-at="2025-03-28T22:47:21 IST" name="closingBrowser" finished-at="2025-03-28T22:47:21 IST" duration-ms="206" status="PASS">
          <reporter-output>
          </reporter-output>
        </test-method> <!-- closingBrowser -->
        <test-method is-config="true" signature="closeReport()[pri:0, instance:test.TC_011HomeContentTest@34a3d150]" started-at="2025-03-28T22:47:21 IST" name="closeReport" finished-at="2025-03-28T22:47:21 IST" duration-ms="98" status="PASS">
          <reporter-output>
          </reporter-output>
        </test-method> <!-- closeReport -->
      </class> <!-- test.TC_011HomeContentTest -->
    </test> <!-- Test -->
  </suite> <!-- Suite (2) -->
</testng-results>
